23-03-16 16:44:20.559 : 02_D4C
23-03-16 16:45:11.147 : 02_D4C
23-03-16 16:46:04.785 : 02_D4C
23-03-16 16:47:06.488 : 02_D4C
23-03-16 16:47:53.598 : 02_D4C
23-03-16 16:48:30.059 : 0000001.png - PSNR: 5.51 dB
23-03-16 16:48:51.055 : 0000002.png - PSNR: 8.22 dB
23-03-16 16:50:35.229 : 02_D4C
23-03-16 16:52:19.725 : 02_D4C
23-03-16 16:52:20.391 : 0000001.png - PSNR: 15.63 dB
23-03-16 16:52:20.747 : 0000002.png - PSNR: 15.47 dB
23-03-16 16:52:26.163 : 0000003.png - PSNR: 15.60 dB
23-03-16 16:52:27.662 : 0000004.png - PSNR: 15.44 dB
23-03-16 16:52:29.002 : 0000005.png - PSNR: 16.46 dB
23-03-16 16:52:30.334 : 0000006.png - PSNR: 15.76 dB
23-03-16 16:52:31.075 : 0000007.png - PSNR: 16.43 dB
23-03-16 16:52:53.571 : 02_D4C
23-03-16 16:52:54.960 : 0000001.png - PSNR: 15.61 dB
23-03-16 16:52:55.751 : 0000002.png - PSNR: 15.45 dB
23-03-16 16:53:07.494 : 0000003.png - PSNR: 15.59 dB
23-03-16 16:54:48.714 : 02_D4C
23-03-16 16:55:25.036 : 0000001.png - PSNR: 15.59 dB
23-03-16 16:55:45.663 : 0000002.png - PSNR: 15.45 dB
23-03-16 17:01:12.945 : 0000003.png - PSNR: 15.58 dB
23-03-16 17:02:34.387 : 0000004.png - PSNR: 15.41 dB
23-03-16 17:03:56.718 : 0000005.png - PSNR: 16.42 dB
23-03-16 17:05:20.271 : 0000006.png - PSNR: 15.73 dB
23-03-16 17:06:03.026 : 0000007.png - PSNR: 16.41 dB
23-03-16 17:06:40.391 : 0000008.png - PSNR: 15.14 dB
23-03-16 17:08:03.897 : 0000009.png - PSNR: 15.25 dB
23-03-16 17:09:36.600 : 0000010.png - PSNR: 15.77 dB
23-03-16 17:10:33.771 : 0000011.png - PSNR: 15.21 dB
23-03-16 17:11:56.842 : 0000012.png - PSNR: 15.57 dB
23-03-16 17:13:08.944 : 0000013.png - PSNR: 14.89 dB
23-03-16 17:13:37.401 : 0000014.png - PSNR: 14.93 dB
23-03-16 17:14:34.854 : 0000015.png - PSNR: 14.87 dB
23-03-16 17:15:10.792 : 0000016.png - PSNR: 15.78 dB
23-03-16 17:16:34.430 : 0000017.png - PSNR: 15.22 dB
23-03-16 17:17:57.197 : 0000018.png - PSNR: 15.35 dB
23-03-16 17:18:53.449 : 02_D4C
23-03-16 17:20:18.191 : 02_D4C
23-03-16 17:20:55.911 : 0000001.png - PSNR: 15.59 dB
23-03-16 17:21:17.440 : 0000002.png - PSNR: 15.45 dB
23-03-16 17:22:32.882 : 02_D4C
23-03-16 17:23:09.081 : 0000001.png - PSNR: 15.59 dB
23-03-16 17:23:29.606 : 0000002.png - PSNR: 15.45 dB
23-03-16 17:28:54.135 : 0000003.png - PSNR: 15.58 dB
23-03-16 17:30:16.074 : 0000004.png - PSNR: 15.41 dB
23-03-16 17:31:37.885 : 0000005.png - PSNR: 16.42 dB
23-03-16 17:32:55.722 : 0000006.png - PSNR: 15.73 dB
23-03-16 17:33:32.824 : 0000007.png - PSNR: 16.41 dB
23-03-16 17:34:05.852 : 0000008.png - PSNR: 15.14 dB
23-03-16 17:35:18.061 : 0000009.png - PSNR: 15.25 dB
23-03-16 17:36:42.355 : 0000010.png - PSNR: 15.77 dB
23-03-16 17:37:32.272 : 0000011.png - PSNR: 15.21 dB
23-03-16 17:38:44.798 : 0000012.png - PSNR: 15.57 dB
23-03-16 17:39:46.996 : 0000013.png - PSNR: 14.89 dB
23-03-16 17:40:11.916 : 0000014.png - PSNR: 14.93 dB
23-03-16 17:41:02.276 : 0000015.png - PSNR: 14.87 dB
23-03-16 17:41:33.382 : 0000016.png - PSNR: 15.78 dB
23-03-16 17:42:45.894 : 0000017.png - PSNR: 15.22 dB
23-03-16 17:43:58.391 : 0000018.png - PSNR: 15.35 dB
23-03-16 17:44:39.852 : 0000019.png - PSNR: 15.25 dB
23-03-16 17:45:29.587 : 0000020.png - PSNR: 15.38 dB
23-03-16 17:46:19.316 : 0000021.png - PSNR: 15.41 dB
23-03-16 17:47:09.059 : 0000022.png - PSNR: 15.80 dB
23-03-16 17:47:58.775 : 0000023.png - PSNR: 15.35 dB
23-03-16 17:48:36.089 : 0000024.png - PSNR: 15.42 dB
23-03-16 17:49:25.826 : 0000025.png - PSNR: 15.88 dB
23-03-16 17:50:15.436 : 0000026.png - PSNR: 15.37 dB
23-03-16 17:52:19.561 : 0000027.png - PSNR: 15.35 dB
23-03-16 17:53:31.869 : 0000028.png - PSNR: 15.10 dB
23-03-16 17:54:13.198 : 0000029.png - PSNR: 15.26 dB
23-03-16 17:56:05.874 : 0000030.png - PSNR: 15.71 dB
23-03-16 17:56:36.873 : 0000031.png - PSNR: 15.73 dB
23-03-16 17:57:18.165 : 0000032.png - PSNR: 15.33 dB
23-03-16 17:58:07.713 : 0000033.png - PSNR: 15.16 dB
23-03-16 17:58:57.240 : 0000034.png - PSNR: 15.58 dB
23-03-16 17:59:28.295 : 0000035.png - PSNR: 15.37 dB
23-03-16 18:00:18.098 : 0000036.png - PSNR: 15.39 dB
23-03-16 18:00:51.311 : 0000037.png - PSNR: 15.63 dB
23-03-16 18:01:32.782 : 0000038.png - PSNR: 16.16 dB
23-03-16 18:02:22.538 : 0000039.png - PSNR: 15.54 dB
23-03-16 18:02:53.627 : 0000040.png - PSNR: 15.61 dB
23-03-16 18:04:06.123 : 0000041.png - PSNR: 15.31 dB
23-03-16 18:05:18.642 : 0000042.png - PSNR: 15.28 dB
23-03-16 18:05:49.756 : 0000043.png - PSNR: 15.22 dB
23-03-16 18:06:14.662 : 0000044.png - PSNR: 15.55 dB
23-03-16 18:06:56.108 : 0000045.png - PSNR: 15.27 dB
23-03-16 18:07:45.874 : 0000046.png - PSNR: 15.01 dB
23-03-16 18:08:35.623 : 0000047.png - PSNR: 14.65 dB
23-03-16 18:09:00.529 : 0000048.png - PSNR: 16.58 dB
23-03-16 18:09:50.264 : 0000049.png - PSNR: 16.09 dB
23-03-16 18:10:40.044 : 0000050.png - PSNR: 15.18 dB
23-03-16 18:10:58.738 : 0000051.png - PSNR: 14.90 dB
23-03-16 18:12:21.653 : 0000052.png - PSNR: 14.91 dB
23-03-16 18:13:11.446 : 0000053.png - PSNR: 15.29 dB
23-03-16 18:14:44.437 : 0000054.png - PSNR: 16.87 dB
23-03-16 18:15:56.796 : 0000055.png - PSNR: 15.52 dB
23-03-16 18:17:09.186 : 0000056.png - PSNR: 15.19 dB
23-03-16 18:18:21.549 : 0000057.png - PSNR: 15.48 dB
23-03-16 18:19:11.187 : 0000058.png - PSNR: 15.41 dB
23-03-16 18:20:00.836 : 0000059.png - PSNR: 15.40 dB
23-03-16 18:20:42.195 : 0000060.png - PSNR: 15.14 dB
23-03-16 18:21:23.559 : 0000061.png - PSNR: 15.65 dB
23-03-16 18:22:35.899 : 0000062.png - PSNR: 16.19 dB
23-03-16 18:23:48.253 : 0000063.png - PSNR: 15.80 dB
23-03-16 18:24:29.627 : 0000064.png - PSNR: 15.48 dB
23-03-16 18:25:02.715 : 0000065.png - PSNR: 15.78 dB
23-03-16 18:25:44.027 : 0000066.png - PSNR: 15.91 dB
23-03-16 18:26:41.879 : 0000067.png - PSNR: 15.24 dB
23-03-16 18:29:10.718 : 0000068.png - PSNR: 15.62 dB
23-03-16 18:32:08.706 : 0000069.png - PSNR: 15.39 dB
23-03-16 18:32:43.815 : 0000070.png - PSNR: 15.13 dB
23-03-16 18:34:04.886 : 0000071.png - PSNR: 15.62 dB
23-03-16 18:35:25.961 : 0000072.png - PSNR: 15.07 dB
23-03-16 18:36:21.400 : 0000073.png - PSNR: 15.13 dB
23-03-16 18:37:07.502 : 0000074.png - PSNR: 15.41 dB
23-03-16 18:37:42.031 : 0000075.png - PSNR: 15.56 dB
23-03-16 18:38:27.884 : 0000076.png - PSNR: 14.98 dB
23-03-16 18:39:23.773 : 0000077.png - PSNR: 15.39 dB
23-03-16 18:40:10.146 : 0000078.png - PSNR: 15.53 dB
23-03-16 18:41:05.399 : 0000079.png - PSNR: 15.73 dB
23-03-16 18:42:09.803 : 0000080.png - PSNR: 15.39 dB
23-03-16 18:43:05.254 : 0000081.png - PSNR: 15.75 dB
23-03-16 18:43:26.071 : 0000082.png - PSNR: 15.33 dB
23-03-16 18:44:03.226 : 0000083.png - PSNR: 15.85 dB
23-03-16 18:46:07.891 : 0000084.png - PSNR: 15.06 dB
23-03-16 18:47:28.898 : 0000085.png - PSNR: 15.71 dB
23-03-16 18:49:33.799 : 0000086.png - PSNR: 15.02 dB
23-03-16 18:50:19.968 : 0000087.png - PSNR: 15.30 dB
23-03-16 18:50:56.762 : 0000088.png - PSNR: 16.25 dB
23-03-16 18:51:43.265 : 0000089.png - PSNR: 15.08 dB
23-03-16 18:53:49.511 : 0000090.png - PSNR: 14.95 dB
23-03-16 18:54:26.801 : 0000091.png - PSNR: 15.23 dB
23-03-16 18:55:01.855 : 0000092.png - PSNR: 15.37 dB
23-03-16 18:56:24.108 : 0000093.png - PSNR: 14.99 dB
23-03-16 18:57:20.635 : 0000094.png - PSNR: 15.65 dB
23-03-16 18:58:07.784 : 0000095.png - PSNR: 15.33 dB
23-03-16 18:59:29.465 : 0000096.png - PSNR: 15.28 dB
23-03-16 19:00:04.517 : 0000097.png - PSNR: 16.02 dB
23-03-16 19:01:57.290 : 0000098.png - PSNR: 15.68 dB
23-03-16 19:02:32.036 : 0000099.png - PSNR: 15.22 dB
23-03-16 19:03:53.350 : 0000100.png - PSNR: 15.29 dB
23-03-16 19:05:59.330 : 0901.png - PSNR: 14.72 dB
23-03-16 19:08:04.570 : 0902.png - PSNR: 15.50 dB
23-03-16 19:10:30.393 : 0903.png - PSNR: 15.33 dB
23-03-16 19:12:56.134 : 0904.png - PSNR: 15.52 dB
23-03-16 19:15:00.548 : 0905.png - PSNR: 15.50 dB
23-03-16 19:17:04.522 : 0906.png - PSNR: 15.37 dB
23-03-16 19:19:30.692 : 0907.png - PSNR: 14.81 dB
23-03-16 19:21:35.725 : 0908.png - PSNR: 14.97 dB
23-03-16 19:23:39.721 : 0909.png - PSNR: 14.98 dB
23-03-16 19:25:43.928 : 0910.png - PSNR: 15.00 dB
23-03-16 19:27:47.735 : 0911.png - PSNR: 15.02 dB
23-03-16 19:29:30.886 : 0912.png - PSNR: 14.90 dB
23-03-16 19:31:34.554 : 0913.png - PSNR: 15.85 dB
23-03-16 19:33:18.193 : 0914.png - PSNR: 15.51 dB
23-03-16 19:35:23.468 : 0915.png - PSNR: 15.37 dB
23-03-16 19:37:28.308 : 0916.png - PSNR: 15.31 dB
23-03-16 19:39:33.181 : 0917.png - PSNR: 15.30 dB
23-03-16 19:41:37.467 : 0918.png - PSNR: 15.22 dB
23-03-16 19:43:41.669 : 0919.png - PSNR: 15.69 dB
23-03-16 19:45:46.149 : 0920.png - PSNR: 15.56 dB
23-03-16 19:47:50.934 : 0921.png - PSNR: 15.22 dB
23-03-16 19:49:55.889 : 0922.png - PSNR: 15.02 dB
23-03-16 19:52:41.378 : 0923.png - PSNR: 15.22 dB
23-03-16 19:54:46.228 : 0924.png - PSNR: 15.70 dB
23-03-16 19:57:11.159 : 0925.png - PSNR: 16.10 dB
23-03-16 19:58:34.605 : 0926.png - PSNR: 15.90 dB
23-03-16 20:00:17.921 : 0927.png - PSNR: 15.06 dB
23-03-16 20:02:25.121 : 0928.png - PSNR: 14.89 dB
23-03-16 20:04:31.160 : 0929.png - PSNR: 15.18 dB
23-03-16 20:06:37.091 : 0930.png - PSNR: 15.53 dB
23-03-16 20:08:43.350 : 0931.png - PSNR: 15.44 dB
23-03-16 20:10:48.744 : 0932.png - PSNR: 15.53 dB
23-03-16 20:12:54.822 : 0933.png - PSNR: 16.34 dB
23-03-16 20:15:01.301 : 0934.png - PSNR: 15.31 dB
23-03-16 20:17:07.781 : 0935.png - PSNR: 15.34 dB
23-03-16 20:19:35.047 : 0936.png - PSNR: 15.47 dB
23-03-16 20:21:41.087 : 0937.png - PSNR: 14.60 dB
23-03-16 20:23:46.255 : 0938.png - PSNR: 15.63 dB
23-03-16 20:25:52.087 : 0939.png - PSNR: 15.03 dB
23-03-16 20:27:58.042 : 0940.png - PSNR: 15.13 dB
23-03-16 20:38:57.418 : 0941.png - PSNR: 15.11 dB
23-03-16 20:41:02.404 : 0942.png - PSNR: 15.34 dB
23-03-16 20:43:09.562 : 0943.png - PSNR: 15.56 dB
23-03-16 20:45:16.526 : 0944.png - PSNR: 15.23 dB
23-03-16 20:47:44.974 : 0945.png - PSNR: 15.55 dB
23-03-16 20:49:51.814 : 0946.png - PSNR: 15.18 dB
23-03-16 20:51:36.801 : 0947.png - PSNR: 15.17 dB
23-03-16 20:54:04.128 : 0948.png - PSNR: 15.36 dB
23-03-16 20:56:10.519 : 0949.png - PSNR: 15.38 dB
23-03-16 20:58:15.956 : 0950.png - PSNR: 15.28 dB
23-03-16 21:00:21.269 : 0951.png - PSNR: 15.31 dB
23-03-16 21:02:27.631 : 0952.png - PSNR: 16.02 dB
23-03-16 21:04:34.112 : 0953.png - PSNR: 15.02 dB
23-03-16 21:06:42.143 : 0954.png - PSNR: 15.13 dB
23-03-16 21:08:48.767 : 0955.png - PSNR: 15.49 dB
23-03-16 21:10:56.934 : 0956.png - PSNR: 14.82 dB
23-03-16 21:13:23.358 : 0957.png - PSNR: 15.80 dB
23-03-16 21:15:26.228 : 0958.png - PSNR: 15.63 dB
23-03-16 21:17:30.838 : 0959.png - PSNR: 15.08 dB
23-03-16 21:19:58.616 : 0960.png - PSNR: 14.86 dB
23-03-16 21:22:03.675 : 0961.png - PSNR: 14.75 dB
23-03-16 21:24:08.398 : 0962.png - PSNR: 15.37 dB
23-03-16 21:26:04.108 : 0963.png - PSNR: 15.00 dB
23-03-16 21:27:36.911 : 0964.png - PSNR: 15.16 dB
23-03-16 21:29:28.271 : 0965.png - PSNR: 15.18 dB
23-03-16 21:31:19.635 : 0966.png - PSNR: 15.26 dB
23-03-16 21:33:11.008 : 0967.png - PSNR: 15.36 dB
23-03-16 21:35:02.345 : 0968.png - PSNR: 14.93 dB
23-03-16 21:36:35.115 : 0969.png - PSNR: 14.81 dB
23-03-16 21:38:44.960 : 0970.png - PSNR: 15.15 dB
23-03-16 21:40:36.242 : 0971.png - PSNR: 15.64 dB
23-03-16 21:42:27.555 : 0972.png - PSNR: 15.03 dB
23-03-16 21:44:18.873 : 0973.png - PSNR: 15.37 dB
23-03-16 21:45:51.655 : 0974.png - PSNR: 15.65 dB
23-03-16 21:47:42.958 : 0975.png - PSNR: 15.30 dB
23-03-16 21:49:34.280 : 0976.png - PSNR: 15.44 dB
23-03-16 21:51:25.590 : 0977.png - PSNR: 15.28 dB
23-03-16 21:53:16.923 : 0978.png - PSNR: 15.81 dB
23-03-16 21:55:08.219 : 0979.png - PSNR: 14.98 dB
23-03-16 21:56:59.472 : 0980.png - PSNR: 15.20 dB
23-03-16 21:59:46.473 : 0981.png - PSNR: 15.11 dB
23-03-16 22:01:37.809 : 0982.png - PSNR: 15.09 dB
23-03-16 22:03:29.087 : 0983.png - PSNR: 15.86 dB
23-03-16 22:05:01.859 : 0984.png - PSNR: 15.20 dB
23-03-16 22:06:53.143 : 0985.png - PSNR: 15.62 dB
23-03-16 22:09:02.994 : 0986.png - PSNR: 15.08 dB
23-03-16 22:10:54.284 : 0987.png - PSNR: 14.98 dB
23-03-16 22:12:45.580 : 0988.png - PSNR: 14.88 dB
23-03-16 22:14:36.860 : 0989.png - PSNR: 15.14 dB
23-03-16 22:16:28.123 : 0990.png - PSNR: 15.25 dB
23-03-16 22:18:56.378 : 0991.png - PSNR: 15.68 dB
23-03-16 22:20:47.625 : 0992.png - PSNR: 15.32 dB
23-03-16 22:22:20.314 : 0993.png - PSNR: 15.11 dB
23-03-16 22:24:11.527 : 0994.png - PSNR: 15.61 dB
23-03-16 22:26:02.757 : 0995.png - PSNR: 15.52 dB
23-03-16 22:28:12.467 : 0996.png - PSNR: 14.46 dB
23-03-16 22:29:45.115 : 0997.png - PSNR: 15.21 dB
23-03-16 22:31:36.319 : 0998.png - PSNR: 15.27 dB
23-03-16 22:33:27.511 : 0999.png - PSNR: 14.84 dB
23-03-16 22:35:18.730 : 1000.png - PSNR: 14.98 dB
23-03-16 22:35:18.825 :       Max Memery : 3596.877 [M]
23-03-16 22:35:18.825 : ------> Average runtime of (valid) is : 93651.621533 seconds
23-03-16 22:35:20.854 :     #Activations : 4111.0736 [M]
23-03-16 22:35:20.854 :          #Conv2d : 1055
23-03-16 22:35:22.922 :            FLOPs : 3347.4298 [G]
23-03-16 22:35:22.929 :          #Params : 205.6092 [M]
23-03-17 10:22:19.655 : 02_D4C
23-03-17 10:22:20.322 : 0000001.png - PSNR: 15.63 dB
23-03-17 10:22:20.700 : 0000002.png - PSNR: 15.47 dB
23-03-17 10:22:26.342 : 0000003.png - PSNR: 15.60 dB
23-03-17 10:22:27.893 : 0000004.png - PSNR: 15.44 dB
23-03-17 10:22:29.275 : 0000005.png - PSNR: 16.46 dB
23-03-17 10:22:30.610 : 0000006.png - PSNR: 15.76 dB
23-03-17 10:22:31.349 : 0000007.png - PSNR: 16.43 dB
23-03-17 10:22:32.002 : 0000008.png - PSNR: 15.22 dB
23-03-17 10:22:33.356 : 0000009.png - PSNR: 15.28 dB
23-03-17 10:22:34.928 : 0000010.png - PSNR: 15.79 dB
23-03-17 10:22:35.898 : 0000011.png - PSNR: 15.23 dB
23-03-17 10:22:37.280 : 0000012.png - PSNR: 15.58 dB
23-03-17 10:22:38.464 : 0000013.png - PSNR: 14.90 dB
23-03-17 10:22:38.961 : 0000014.png - PSNR: 14.94 dB
23-03-17 10:22:39.928 : 0000015.png - PSNR: 14.89 dB
23-03-17 10:22:40.543 : 0000016.png - PSNR: 15.87 dB
23-03-17 10:22:41.942 : 0000017.png - PSNR: 15.26 dB
23-03-17 10:22:43.393 : 0000018.png - PSNR: 15.37 dB
23-03-17 10:22:44.211 : 0000019.png - PSNR: 15.29 dB
23-03-17 10:22:45.155 : 0000020.png - PSNR: 15.42 dB
23-03-17 10:22:46.119 : 0000021.png - PSNR: 15.45 dB
23-03-17 10:22:47.099 : 0000022.png - PSNR: 15.86 dB
23-03-17 10:22:48.079 : 0000023.png - PSNR: 15.40 dB
23-03-17 10:22:48.829 : 0000024.png - PSNR: 15.47 dB
23-03-17 10:22:49.798 : 0000025.png - PSNR: 15.96 dB
23-03-17 10:22:50.781 : 0000026.png - PSNR: 15.40 dB
23-03-17 10:22:53.204 : 0000027.png - PSNR: 15.37 dB
23-03-17 10:22:54.647 : 0000028.png - PSNR: 15.13 dB
23-03-17 10:22:55.456 : 0000029.png - PSNR: 15.29 dB
23-03-17 10:22:57.614 : 0000030.png - PSNR: 15.77 dB
23-03-17 10:22:58.288 : 0000031.png - PSNR: 15.76 dB
23-03-17 10:22:59.095 : 0000032.png - PSNR: 15.36 dB
23-03-17 10:23:00.042 : 0000033.png - PSNR: 15.20 dB
23-03-17 10:23:00.980 : 0000034.png - PSNR: 15.62 dB
23-03-17 10:23:01.580 : 0000035.png - PSNR: 15.42 dB
23-03-17 10:23:02.528 : 0000036.png - PSNR: 15.43 dB
23-03-17 10:23:03.205 : 0000037.png - PSNR: 15.67 dB
23-03-17 10:23:03.999 : 0000038.png - PSNR: 16.19 dB
23-03-17 10:23:04.970 : 0000039.png - PSNR: 15.56 dB
23-03-17 10:23:05.576 : 0000040.png - PSNR: 15.69 dB
23-03-17 10:23:06.902 : 0000041.png - PSNR: 15.34 dB
23-03-17 10:23:08.283 : 0000042.png - PSNR: 15.30 dB
23-03-17 10:23:08.927 : 0000043.png - PSNR: 15.27 dB
23-03-17 10:23:09.421 : 0000044.png - PSNR: 15.58 dB
23-03-17 10:23:10.257 : 0000045.png - PSNR: 15.32 dB
23-03-17 10:23:11.247 : 0000046.png - PSNR: 15.04 dB
23-03-17 10:23:12.205 : 0000047.png - PSNR: 14.68 dB
23-03-17 10:23:12.699 : 0000048.png - PSNR: 16.67 dB
23-03-17 10:23:13.640 : 0000049.png - PSNR: 16.14 dB
23-03-17 10:23:14.602 : 0000050.png - PSNR: 15.21 dB
23-03-17 10:23:15.013 : 0000051.png - PSNR: 14.92 dB
23-03-17 10:23:16.569 : 0000052.png - PSNR: 14.94 dB
23-03-17 10:23:17.550 : 0000053.png - PSNR: 15.33 dB
23-03-17 10:23:19.298 : 0000054.png - PSNR: 16.91 dB
23-03-17 10:23:20.729 : 0000055.png - PSNR: 15.56 dB
23-03-17 10:23:22.135 : 0000056.png - PSNR: 15.23 dB
23-03-17 10:23:23.529 : 0000057.png - PSNR: 15.52 dB
23-03-17 10:23:24.510 : 0000058.png - PSNR: 15.44 dB
23-03-17 10:23:25.454 : 0000059.png - PSNR: 15.46 dB
23-03-17 10:23:26.249 : 0000060.png - PSNR: 15.17 dB
23-03-17 10:23:27.028 : 0000061.png - PSNR: 15.68 dB
23-03-17 10:23:28.345 : 0000062.png - PSNR: 16.31 dB
23-03-17 10:23:29.698 : 0000063.png - PSNR: 15.82 dB
23-03-17 10:23:30.500 : 0000064.png - PSNR: 15.50 dB
23-03-17 10:23:31.135 : 0000065.png - PSNR: 15.82 dB
23-03-17 10:23:31.908 : 0000066.png - PSNR: 15.97 dB
23-03-17 10:23:32.977 : 0000067.png - PSNR: 15.26 dB
23-03-17 10:23:35.708 : 0000068.png - PSNR: 15.64 dB
23-03-17 10:23:38.942 : 0000069.png - PSNR: 15.43 dB
23-03-17 10:23:39.640 : 0000070.png - PSNR: 15.14 dB
23-03-17 10:23:40.962 : 0000071.png - PSNR: 15.66 dB
23-03-17 10:23:42.316 : 0000072.png - PSNR: 15.09 dB
23-03-17 10:23:43.256 : 0000073.png - PSNR: 15.15 dB
23-03-17 10:23:44.032 : 0000074.png - PSNR: 15.45 dB
23-03-17 10:23:44.623 : 0000075.png - PSNR: 15.60 dB
23-03-17 10:23:45.387 : 0000076.png - PSNR: 15.00 dB
23-03-17 10:23:46.316 : 0000077.png - PSNR: 15.43 dB
23-03-17 10:23:47.113 : 0000078.png - PSNR: 15.56 dB
23-03-17 10:23:48.046 : 0000079.png - PSNR: 15.79 dB
23-03-17 10:23:49.133 : 0000080.png - PSNR: 15.40 dB
23-03-17 10:23:50.082 : 0000081.png - PSNR: 15.81 dB
23-03-17 10:23:50.469 : 0000082.png - PSNR: 15.36 dB
23-03-17 10:23:51.087 : 0000083.png - PSNR: 15.91 dB
23-03-17 10:23:53.150 : 0000084.png - PSNR: 15.09 dB
23-03-17 10:23:54.546 : 0000085.png - PSNR: 15.76 dB
23-03-17 10:23:56.630 : 0000086.png - PSNR: 15.05 dB
23-03-17 10:23:57.459 : 0000087.png - PSNR: 15.33 dB
23-03-17 10:23:58.091 : 0000088.png - PSNR: 16.28 dB
23-03-17 10:23:58.878 : 0000089.png - PSNR: 15.10 dB
23-03-17 10:24:00.950 : 0000090.png - PSNR: 14.98 dB
23-03-17 10:24:01.635 : 0000091.png - PSNR: 15.28 dB
23-03-17 10:24:02.252 : 0000092.png - PSNR: 15.41 dB
23-03-17 10:24:03.589 : 0000093.png - PSNR: 15.03 dB
23-03-17 10:24:04.540 : 0000094.png - PSNR: 15.71 dB
23-03-17 10:24:05.324 : 0000095.png - PSNR: 15.35 dB
23-03-17 10:24:06.657 : 0000096.png - PSNR: 15.31 dB
23-03-17 10:24:07.278 : 0000097.png - PSNR: 16.05 dB
23-03-17 10:24:09.107 : 0000098.png - PSNR: 15.72 dB
23-03-17 10:24:09.758 : 0000099.png - PSNR: 15.27 dB
23-03-17 10:24:11.105 : 0000100.png - PSNR: 15.32 dB
23-03-17 10:24:13.205 : 0901.png - PSNR: 14.73 dB
23-03-17 10:24:15.321 : 0902.png - PSNR: 15.53 dB
23-03-17 10:24:17.781 : 0903.png - PSNR: 15.36 dB
23-03-17 10:24:20.280 : 0904.png - PSNR: 15.54 dB
23-03-17 10:24:22.399 : 0905.png - PSNR: 15.53 dB
23-03-17 10:24:24.534 : 0906.png - PSNR: 15.40 dB
23-03-17 10:24:27.026 : 0907.png - PSNR: 14.82 dB
23-03-17 10:24:29.168 : 0908.png - PSNR: 14.98 dB
23-03-17 10:24:31.316 : 0909.png - PSNR: 15.00 dB
23-03-17 10:24:33.450 : 0910.png - PSNR: 15.02 dB
23-03-17 10:24:35.593 : 0911.png - PSNR: 15.03 dB
23-03-17 10:24:37.395 : 0912.png - PSNR: 14.91 dB
23-03-17 10:24:39.524 : 0913.png - PSNR: 15.89 dB
23-03-17 10:24:41.336 : 0914.png - PSNR: 15.54 dB
23-03-17 10:24:43.460 : 0915.png - PSNR: 15.41 dB
23-03-17 10:24:45.616 : 0916.png - PSNR: 15.35 dB
23-03-17 10:24:47.764 : 0917.png - PSNR: 15.34 dB
23-03-17 10:24:49.889 : 0918.png - PSNR: 15.24 dB
23-03-17 10:24:51.994 : 0919.png - PSNR: 15.73 dB
23-03-17 10:24:54.161 : 0920.png - PSNR: 15.59 dB
23-03-17 10:24:56.299 : 0921.png - PSNR: 15.25 dB
23-03-17 10:24:58.439 : 0922.png - PSNR: 15.05 dB
23-03-17 10:25:01.229 : 0923.png - PSNR: 15.24 dB
23-03-17 10:25:03.375 : 0924.png - PSNR: 15.73 dB
23-03-17 10:25:05.833 : 0925.png - PSNR: 16.19 dB
23-03-17 10:25:07.297 : 0926.png - PSNR: 15.93 dB
23-03-17 10:25:09.008 : 0927.png - PSNR: 15.07 dB
23-03-17 10:25:11.111 : 0928.png - PSNR: 14.92 dB
23-03-17 10:25:13.311 : 0929.png - PSNR: 15.21 dB
23-03-17 10:25:15.487 : 0930.png - PSNR: 15.54 dB
23-03-17 10:25:17.677 : 0931.png - PSNR: 15.46 dB
23-03-17 10:25:19.880 : 0932.png - PSNR: 15.55 dB
23-03-17 10:25:22.125 : 0933.png - PSNR: 16.35 dB
23-03-17 10:25:24.338 : 0934.png - PSNR: 15.32 dB
23-03-17 10:25:26.531 : 0935.png - PSNR: 15.39 dB
23-03-17 10:25:29.041 : 0936.png - PSNR: 15.50 dB
23-03-17 10:25:31.187 : 0937.png - PSNR: 14.60 dB
23-03-17 10:25:33.316 : 0938.png - PSNR: 15.66 dB
23-03-17 10:25:35.445 : 0939.png - PSNR: 15.05 dB
23-03-17 10:25:37.562 : 0940.png - PSNR: 15.14 dB
23-03-17 10:25:40.036 : 0941.png - PSNR: 15.14 dB
23-03-17 10:25:42.203 : 0942.png - PSNR: 15.35 dB
23-03-17 10:25:44.386 : 0943.png - PSNR: 15.60 dB
23-03-17 10:25:46.624 : 0944.png - PSNR: 15.25 dB
23-03-17 10:25:49.180 : 0945.png - PSNR: 15.58 dB
23-03-17 10:25:51.465 : 0946.png - PSNR: 15.20 dB
23-03-17 10:25:53.327 : 0947.png - PSNR: 15.18 dB
23-03-17 10:25:55.899 : 0948.png - PSNR: 15.39 dB
23-03-17 10:25:58.129 : 0949.png - PSNR: 15.41 dB
23-03-17 10:26:00.384 : 0950.png - PSNR: 15.29 dB
23-03-17 10:26:02.604 : 0951.png - PSNR: 15.35 dB
23-03-17 10:26:04.763 : 0952.png - PSNR: 16.07 dB
23-03-17 10:26:06.898 : 0953.png - PSNR: 15.04 dB
23-03-17 10:26:09.034 : 0954.png - PSNR: 15.15 dB
23-03-17 10:26:11.243 : 0955.png - PSNR: 15.51 dB
23-03-17 10:26:13.488 : 0956.png - PSNR: 14.84 dB
23-03-17 10:26:16.092 : 0957.png - PSNR: 15.83 dB
23-03-17 10:26:18.342 : 0958.png - PSNR: 15.67 dB
23-03-17 10:26:20.662 : 0959.png - PSNR: 15.11 dB
23-03-17 10:26:23.316 : 0960.png - PSNR: 14.90 dB
23-03-17 10:26:25.482 : 0961.png - PSNR: 14.75 dB
23-03-17 10:26:27.682 : 0962.png - PSNR: 15.40 dB
23-03-17 10:26:29.871 : 0963.png - PSNR: 15.01 dB
23-03-17 10:26:31.739 : 0964.png - PSNR: 15.18 dB
23-03-17 10:26:33.874 : 0965.png - PSNR: 15.22 dB
23-03-17 10:26:35.976 : 0966.png - PSNR: 15.30 dB
23-03-17 10:26:38.104 : 0967.png - PSNR: 15.37 dB
23-03-17 10:26:40.324 : 0968.png - PSNR: 14.95 dB
23-03-17 10:26:42.243 : 0969.png - PSNR: 14.82 dB
23-03-17 10:26:44.810 : 0970.png - PSNR: 15.16 dB
23-03-17 10:26:46.930 : 0971.png - PSNR: 15.67 dB
23-03-17 10:26:49.098 : 0972.png - PSNR: 15.11 dB
23-03-17 10:26:51.299 : 0973.png - PSNR: 15.41 dB
23-03-17 10:26:53.173 : 0974.png - PSNR: 15.67 dB
23-03-17 10:26:55.403 : 0975.png - PSNR: 15.33 dB
23-03-17 10:26:57.574 : 0976.png - PSNR: 15.46 dB
23-03-17 10:26:59.823 : 0977.png - PSNR: 15.32 dB
23-03-17 10:27:02.113 : 0978.png - PSNR: 15.84 dB
23-03-17 10:27:04.369 : 0979.png - PSNR: 14.99 dB
23-03-17 10:27:06.581 : 0980.png - PSNR: 15.23 dB
23-03-17 10:27:09.902 : 0981.png - PSNR: 15.13 dB
23-03-17 10:27:12.159 : 0982.png - PSNR: 15.11 dB
23-03-17 10:27:14.382 : 0983.png - PSNR: 15.88 dB
23-03-17 10:27:16.247 : 0984.png - PSNR: 15.22 dB
23-03-17 10:27:18.449 : 0985.png - PSNR: 15.67 dB
23-03-17 10:27:21.038 : 0986.png - PSNR: 15.10 dB
23-03-17 10:27:23.278 : 0987.png - PSNR: 15.01 dB
23-03-17 10:27:25.507 : 0988.png - PSNR: 14.90 dB
23-03-17 10:27:27.795 : 0989.png - PSNR: 15.15 dB
23-03-17 10:27:30.026 : 0990.png - PSNR: 15.28 dB
23-03-17 10:27:32.998 : 0991.png - PSNR: 15.71 dB
23-03-17 10:27:35.262 : 0992.png - PSNR: 15.36 dB
23-03-17 10:27:37.108 : 0993.png - PSNR: 15.14 dB
23-03-17 10:27:39.305 : 0994.png - PSNR: 15.70 dB
23-03-17 10:27:41.524 : 0995.png - PSNR: 15.58 dB
23-03-17 10:27:44.072 : 0996.png - PSNR: 14.46 dB
23-03-17 10:27:45.915 : 0997.png - PSNR: 15.25 dB
23-03-17 10:27:48.124 : 0998.png - PSNR: 15.30 dB
23-03-17 10:27:50.383 : 0999.png - PSNR: 14.85 dB
23-03-17 10:27:52.651 : 1000.png - PSNR: 15.02 dB
23-03-17 10:27:52.744 :       Max Memery : 1243.001 [M]
23-03-17 10:27:52.744 : ------> Average runtime of (valid) is : 1485.166980 seconds
23-03-17 10:27:52.826 :     #Activations : 334.9742 [M]
23-03-17 10:27:52.827 :          #Conv2d : 226
23-03-17 10:27:52.920 :            FLOPs : 63.2364 [G]
23-03-17 10:27:52.927 :          #Params : 205.6092 [M]
23-03-17 10:42:07.366 : 02_D4C
23-03-17 10:42:08.715 : 0000001.png - PSNR: 15.61 dB
23-03-17 10:42:09.466 : 0000002.png - PSNR: 15.45 dB
23-03-17 10:42:21.675 : 0000003.png - PSNR: 15.59 dB
23-03-17 10:42:24.724 : 0000004.png - PSNR: 15.42 dB
23-03-17 10:42:27.603 : 0000005.png - PSNR: 16.42 dB
23-03-17 10:42:30.468 : 0000006.png - PSNR: 15.73 dB
23-03-17 10:42:31.972 : 0000007.png - PSNR: 16.42 dB
23-03-17 10:42:33.302 : 0000008.png - PSNR: 15.14 dB
23-03-17 10:42:36.202 : 0000009.png - PSNR: 15.26 dB
23-03-17 10:42:39.650 : 0000010.png - PSNR: 15.78 dB
23-03-17 10:42:41.723 : 0000011.png - PSNR: 15.22 dB
23-03-17 10:42:44.624 : 0000012.png - PSNR: 15.57 dB
23-03-17 10:42:47.103 : 0000013.png - PSNR: 14.89 dB
23-03-17 10:42:48.119 : 0000014.png - PSNR: 14.93 dB
23-03-17 10:42:50.093 : 0000015.png - PSNR: 14.87 dB
23-03-17 10:42:51.354 : 0000016.png - PSNR: 15.78 dB
23-03-17 10:42:54.213 : 0000017.png - PSNR: 15.22 dB
23-03-17 10:42:57.085 : 0000018.png - PSNR: 15.35 dB
23-03-17 10:42:58.747 : 0000019.png - PSNR: 15.26 dB
23-03-17 10:43:00.727 : 0000020.png - PSNR: 15.39 dB
23-03-17 10:43:02.713 : 0000021.png - PSNR: 15.41 dB
23-03-17 10:43:04.754 : 0000022.png - PSNR: 15.81 dB
23-03-17 10:43:06.725 : 0000023.png - PSNR: 15.36 dB
23-03-17 10:43:08.264 : 0000024.png - PSNR: 15.43 dB
23-03-17 10:43:10.310 : 0000025.png - PSNR: 15.86 dB
23-03-17 10:43:12.360 : 0000026.png - PSNR: 15.37 dB
23-03-17 10:43:17.358 : 0000027.png - PSNR: 15.35 dB
23-03-17 10:43:20.285 : 0000028.png - PSNR: 15.10 dB
23-03-17 10:43:21.971 : 0000029.png - PSNR: 15.26 dB
23-03-17 10:43:26.577 : 0000030.png - PSNR: 15.71 dB
23-03-17 10:43:27.997 : 0000031.png - PSNR: 15.73 dB
23-03-17 10:43:29.672 : 0000032.png - PSNR: 15.34 dB
23-03-17 10:43:31.695 : 0000033.png - PSNR: 15.16 dB
23-03-17 10:43:33.693 : 0000034.png - PSNR: 15.59 dB
23-03-17 10:43:34.967 : 0000035.png - PSNR: 15.38 dB
23-03-17 10:43:37.029 : 0000036.png - PSNR: 15.39 dB
23-03-17 10:43:38.445 : 0000037.png - PSNR: 15.64 dB
23-03-17 10:43:40.104 : 0000038.png - PSNR: 16.17 dB
23-03-17 10:43:42.204 : 0000039.png - PSNR: 15.54 dB
23-03-17 10:43:43.515 : 0000040.png - PSNR: 15.61 dB
23-03-17 10:43:46.524 : 0000041.png - PSNR: 15.31 dB
23-03-17 10:43:49.437 : 0000042.png - PSNR: 15.28 dB
23-03-17 10:43:50.750 : 0000043.png - PSNR: 15.23 dB
23-03-17 10:43:51.767 : 0000044.png - PSNR: 15.55 dB
23-03-17 10:43:53.440 : 0000045.png - PSNR: 15.27 dB
23-03-17 10:43:55.535 : 0000046.png - PSNR: 15.02 dB
23-03-17 10:43:57.603 : 0000047.png - PSNR: 14.66 dB
23-03-17 10:43:58.630 : 0000048.png - PSNR: 16.58 dB
23-03-17 10:44:00.641 : 0000049.png - PSNR: 16.10 dB
23-03-17 10:44:02.722 : 0000050.png - PSNR: 15.19 dB
23-03-17 10:44:03.520 : 0000051.png - PSNR: 14.91 dB
23-03-17 10:44:06.843 : 0000052.png - PSNR: 14.91 dB
23-03-17 10:44:08.932 : 0000053.png - PSNR: 15.29 dB
23-03-17 10:44:12.752 : 0000054.png - PSNR: 16.88 dB
23-03-17 10:44:15.700 : 0000055.png - PSNR: 15.53 dB
23-03-17 10:44:18.665 : 0000056.png - PSNR: 15.20 dB
23-03-17 10:44:21.660 : 0000057.png - PSNR: 15.49 dB
23-03-17 10:44:23.697 : 0000058.png - PSNR: 15.41 dB
23-03-17 10:44:25.835 : 0000059.png - PSNR: 15.41 dB
23-03-17 10:44:27.630 : 0000060.png - PSNR: 15.14 dB
23-03-17 10:44:29.399 : 0000061.png - PSNR: 15.65 dB
23-03-17 10:44:32.521 : 0000062.png - PSNR: 16.20 dB
23-03-17 10:44:35.547 : 0000063.png - PSNR: 15.80 dB
23-03-17 10:44:37.341 : 0000064.png - PSNR: 15.48 dB
23-03-17 10:44:38.764 : 0000065.png - PSNR: 15.78 dB
23-03-17 10:44:40.522 : 0000066.png - PSNR: 15.92 dB
23-03-17 10:44:42.984 : 0000067.png - PSNR: 15.24 dB
23-03-17 10:44:49.488 : 0000068.png - PSNR: 15.63 dB
23-03-17 10:44:57.138 : 0000069.png - PSNR: 15.40 dB
23-03-17 10:44:58.542 : 0000070.png - PSNR: 15.14 dB
23-03-17 10:45:01.454 : 0000071.png - PSNR: 15.63 dB
23-03-17 10:45:04.372 : 0000072.png - PSNR: 15.07 dB
23-03-17 10:45:06.416 : 0000073.png - PSNR: 15.14 dB
23-03-17 10:45:08.168 : 0000074.png - PSNR: 15.42 dB
23-03-17 10:45:09.452 : 0000075.png - PSNR: 15.56 dB
23-03-17 10:45:11.116 : 0000076.png - PSNR: 14.99 dB
23-03-17 10:45:13.122 : 0000077.png - PSNR: 15.42 dB
23-03-17 10:45:14.846 : 0000078.png - PSNR: 15.54 dB
23-03-17 10:45:16.848 : 0000079.png - PSNR: 15.74 dB
23-03-17 10:45:19.188 : 0000080.png - PSNR: 15.40 dB
23-03-17 10:45:21.211 : 0000081.png - PSNR: 15.75 dB
23-03-17 10:45:21.997 : 0000082.png - PSNR: 15.33 dB
23-03-17 10:45:23.323 : 0000083.png - PSNR: 15.85 dB
23-03-17 10:45:27.826 : 0000084.png - PSNR: 15.07 dB
23-03-17 10:45:30.844 : 0000085.png - PSNR: 15.71 dB
23-03-17 10:45:35.370 : 0000086.png - PSNR: 15.02 dB
23-03-17 10:45:37.072 : 0000087.png - PSNR: 15.31 dB
23-03-17 10:45:38.410 : 0000088.png - PSNR: 16.26 dB
23-03-17 10:45:40.113 : 0000089.png - PSNR: 15.09 dB
23-03-17 10:45:44.663 : 0000090.png - PSNR: 14.96 dB
23-03-17 10:45:46.127 : 0000091.png - PSNR: 15.24 dB
23-03-17 10:45:47.454 : 0000092.png - PSNR: 15.38 dB
23-03-17 10:45:50.444 : 0000093.png - PSNR: 15.00 dB
23-03-17 10:45:52.466 : 0000094.png - PSNR: 15.66 dB
23-03-17 10:45:54.141 : 0000095.png - PSNR: 15.33 dB
23-03-17 10:45:57.040 : 0000096.png - PSNR: 15.28 dB
23-03-17 10:45:58.355 : 0000097.png - PSNR: 16.03 dB
23-03-17 10:46:02.414 : 0000098.png - PSNR: 15.68 dB
23-03-17 10:46:03.725 : 0000099.png - PSNR: 15.24 dB
23-03-17 10:46:06.620 : 0000100.png - PSNR: 15.29 dB
23-03-17 10:46:11.147 : 0901.png - PSNR: 14.73 dB
23-03-17 10:46:15.675 : 0902.png - PSNR: 15.51 dB
23-03-17 10:46:20.948 : 0903.png - PSNR: 15.33 dB
23-03-17 10:46:26.237 : 0904.png - PSNR: 15.52 dB
23-03-17 10:46:30.722 : 0905.png - PSNR: 15.50 dB
23-03-17 10:46:35.333 : 0906.png - PSNR: 15.38 dB
23-03-17 10:46:40.597 : 0907.png - PSNR: 14.81 dB
23-03-17 10:46:45.090 : 0908.png - PSNR: 14.97 dB
23-03-17 10:46:49.632 : 0909.png - PSNR: 14.99 dB
23-03-17 10:46:54.197 : 0910.png - PSNR: 15.00 dB
23-03-17 10:46:58.857 : 0911.png - PSNR: 15.03 dB
23-03-17 10:47:02.708 : 0912.png - PSNR: 14.91 dB
23-03-17 10:47:07.395 : 0913.png - PSNR: 15.86 dB
23-03-17 10:47:11.350 : 0914.png - PSNR: 15.52 dB
23-03-17 10:47:16.052 : 0915.png - PSNR: 15.37 dB
23-03-17 10:47:20.642 : 0916.png - PSNR: 15.32 dB
23-03-17 10:47:25.392 : 0917.png - PSNR: 15.31 dB
23-03-17 10:47:29.969 : 0918.png - PSNR: 15.23 dB
23-03-17 10:47:34.491 : 0919.png - PSNR: 15.69 dB
23-03-17 10:47:39.130 : 0920.png - PSNR: 15.57 dB
23-03-17 10:47:43.759 : 0921.png - PSNR: 15.23 dB
23-03-17 10:47:48.355 : 0922.png - PSNR: 15.03 dB
23-03-17 10:47:54.501 : 0923.png - PSNR: 15.22 dB
23-03-17 10:47:59.215 : 0924.png - PSNR: 15.70 dB
23-03-17 10:48:04.702 : 0925.png - PSNR: 16.10 dB
23-03-17 10:48:07.754 : 0926.png - PSNR: 15.91 dB
23-03-17 10:48:11.466 : 0927.png - PSNR: 15.06 dB
23-03-17 10:48:16.076 : 0928.png - PSNR: 14.90 dB
23-03-17 10:48:20.859 : 0929.png - PSNR: 15.19 dB
23-03-17 10:48:25.587 : 0930.png - PSNR: 15.53 dB
23-03-17 10:48:30.323 : 0931.png - PSNR: 15.44 dB
23-03-17 10:48:34.919 : 0932.png - PSNR: 15.53 dB
23-03-17 10:48:39.423 : 0933.png - PSNR: 16.34 dB
23-03-17 10:48:43.871 : 0934.png - PSNR: 15.32 dB
23-03-17 10:48:48.431 : 0935.png - PSNR: 15.35 dB
23-03-17 10:48:53.803 : 0936.png - PSNR: 15.47 dB
23-03-17 10:48:58.535 : 0937.png - PSNR: 14.60 dB
23-03-17 10:49:03.072 : 0938.png - PSNR: 15.64 dB
23-03-17 10:49:07.585 : 0939.png - PSNR: 15.04 dB
23-03-17 10:49:12.060 : 0940.png - PSNR: 15.13 dB
23-03-17 10:49:17.288 : 0941.png - PSNR: 15.11 dB
23-03-17 10:49:21.758 : 0942.png - PSNR: 15.36 dB
23-03-17 10:49:26.232 : 0943.png - PSNR: 15.57 dB
23-03-17 10:49:30.724 : 0944.png - PSNR: 15.23 dB
23-03-17 10:49:36.128 : 0945.png - PSNR: 15.55 dB
23-03-17 10:49:40.805 : 0946.png - PSNR: 15.18 dB
23-03-17 10:49:44.744 : 0947.png - PSNR: 15.17 dB
23-03-17 10:49:50.077 : 0948.png - PSNR: 15.37 dB
23-03-17 10:49:54.535 : 0949.png - PSNR: 15.39 dB
23-03-17 10:49:58.974 : 0950.png - PSNR: 15.28 dB
23-03-17 10:50:03.423 : 0951.png - PSNR: 15.32 dB
23-03-17 10:50:07.928 : 0952.png - PSNR: 16.05 dB
23-03-17 10:50:12.596 : 0953.png - PSNR: 15.02 dB
23-03-17 10:50:17.194 : 0954.png - PSNR: 15.13 dB
23-03-17 10:50:21.920 : 0955.png - PSNR: 15.50 dB
23-03-17 10:50:26.661 : 0956.png - PSNR: 14.83 dB
23-03-17 10:50:32.203 : 0957.png - PSNR: 15.80 dB
23-03-17 10:50:37.020 : 0958.png - PSNR: 15.64 dB
23-03-17 10:50:41.515 : 0959.png - PSNR: 15.08 dB
23-03-17 10:50:46.919 : 0960.png - PSNR: 14.87 dB
23-03-17 10:50:51.603 : 0961.png - PSNR: 14.75 dB
23-03-17 10:50:56.376 : 0962.png - PSNR: 15.38 dB
23-03-17 10:51:01.025 : 0963.png - PSNR: 15.00 dB
23-03-17 10:51:05.031 : 0964.png - PSNR: 15.16 dB
23-03-17 10:51:09.796 : 0965.png - PSNR: 15.18 dB
23-03-17 10:51:14.544 : 0966.png - PSNR: 15.27 dB
23-03-17 10:51:19.078 : 0967.png - PSNR: 15.36 dB
23-03-17 10:51:23.581 : 0968.png - PSNR: 14.94 dB
23-03-17 10:51:27.362 : 0969.png - PSNR: 14.81 dB
23-03-17 10:51:32.600 : 0970.png - PSNR: 15.15 dB
23-03-17 10:51:37.164 : 0971.png - PSNR: 15.64 dB
23-03-17 10:51:41.689 : 0972.png - PSNR: 15.05 dB
23-03-17 10:51:46.331 : 0973.png - PSNR: 15.38 dB
23-03-17 10:51:50.328 : 0974.png - PSNR: 15.67 dB
23-03-17 10:51:55.094 : 0975.png - PSNR: 15.30 dB
23-03-17 10:51:59.854 : 0976.png - PSNR: 15.44 dB
23-03-17 10:52:04.470 : 0977.png - PSNR: 15.29 dB
23-03-17 10:52:09.141 : 0978.png - PSNR: 15.82 dB
23-03-17 10:52:13.808 : 0979.png - PSNR: 14.99 dB
23-03-17 10:52:18.278 : 0980.png - PSNR: 15.20 dB
23-03-17 10:52:25.180 : 0981.png - PSNR: 15.11 dB
23-03-17 10:52:29.922 : 0982.png - PSNR: 15.10 dB
23-03-17 10:52:34.465 : 0983.png - PSNR: 15.86 dB
23-03-17 10:52:38.261 : 0984.png - PSNR: 15.21 dB
23-03-17 10:52:42.992 : 0985.png - PSNR: 15.63 dB
23-03-17 10:52:48.325 : 0986.png - PSNR: 15.08 dB
23-03-17 10:52:52.838 : 0987.png - PSNR: 15.00 dB
23-03-17 10:52:57.415 : 0988.png - PSNR: 14.89 dB
23-03-17 10:53:02.079 : 0989.png - PSNR: 15.14 dB
23-03-17 10:53:06.673 : 0990.png - PSNR: 15.25 dB
23-03-17 10:53:12.742 : 0991.png - PSNR: 15.69 dB
23-03-17 10:53:17.254 : 0992.png - PSNR: 15.32 dB
23-03-17 10:53:20.980 : 0993.png - PSNR: 15.12 dB
23-03-17 10:53:25.439 : 0994.png - PSNR: 15.61 dB
23-03-17 10:53:29.996 : 0995.png - PSNR: 15.53 dB
23-03-17 10:53:35.237 : 0996.png - PSNR: 14.46 dB
23-03-17 10:53:38.973 : 0997.png - PSNR: 15.22 dB
23-03-17 10:53:43.417 : 0998.png - PSNR: 15.28 dB
23-03-17 10:53:47.858 : 0999.png - PSNR: 14.84 dB
23-03-17 10:53:52.312 : 1000.png - PSNR: 14.99 dB
23-03-17 10:53:52.406 :       Max Memery : 1666.297 [M]
23-03-17 10:53:52.406 : ------> Average runtime of (valid) is : 3349.372751 seconds
23-03-17 10:53:52.495 :     #Activations : 1771.1432 [M]
23-03-17 10:53:52.496 :          #Conv2d : 274
23-03-17 10:53:52.593 :            FLOPs : 140.9905 [G]
23-03-17 10:53:52.601 :          #Params : 205.6092 [M]
23-03-17 14:17:50.040 : 02_D4C
23-03-17 14:18:26.936 : 0000001.png - PSNR: 15.59 dB
23-03-17 14:18:48.128 : 0000002.png - PSNR: 15.45 dB
23-03-17 14:29:16.591 : 0000003.png - PSNR: 15.58 dB
23-03-17 14:30:44.335 : 0000004.png - PSNR: 15.41 dB
23-03-17 14:32:11.616 : 0000005.png - PSNR: 16.42 dB
23-03-17 15:11:20.777 : 0000006.png - PSNR: 15.73 dB
23-03-17 15:12:03.052 : 0000007.png - PSNR: 16.41 dB
23-03-17 15:12:40.403 : 0000008.png - PSNR: 15.14 dB
23-03-17 15:14:01.943 : 0000009.png - PSNR: 15.25 dB
23-03-17 15:15:34.759 : 0000010.png - PSNR: 15.77 dB
23-03-17 15:16:30.769 : 0000011.png - PSNR: 15.21 dB
23-03-17 15:17:51.863 : 0000012.png - PSNR: 15.57 dB
23-03-17 15:19:00.570 : 0000013.png - PSNR: 14.89 dB
23-03-17 15:19:28.047 : 0000014.png - PSNR: 14.92 dB
23-03-17 15:20:22.883 : 0000015.png - PSNR: 14.87 dB
23-03-17 15:20:57.548 : 0000016.png - PSNR: 15.78 dB
23-03-17 15:22:18.330 : 0000017.png - PSNR: 15.22 dB
23-03-17 15:23:39.931 : 0000018.png - PSNR: 15.35 dB
23-03-17 15:24:26.499 : 0000019.png - PSNR: 15.25 dB
23-03-17 15:25:21.488 : 0000020.png - PSNR: 15.38 dB
23-03-17 15:26:16.717 : 0000021.png - PSNR: 15.41 dB
23-03-17 15:27:13.253 : 0000022.png - PSNR: 15.80 dB
23-03-17 15:28:09.136 : 0000023.png - PSNR: 15.35 dB
23-03-17 15:28:50.829 : 0000024.png - PSNR: 15.42 dB
23-03-17 15:29:49.053 : 0000025.png - PSNR: 15.88 dB
23-03-17 15:30:48.867 : 0000026.png - PSNR: 15.37 dB
23-03-17 15:33:21.030 : 0000027.png - PSNR: 15.35 dB
23-03-17 15:34:50.140 : 0000028.png - PSNR: 15.10 dB
23-03-17 15:35:40.348 : 0000029.png - PSNR: 15.26 dB
23-03-17 15:37:56.150 : 0000030.png - PSNR: 15.71 dB
23-03-17 15:38:35.072 : 0000031.png - PSNR: 15.73 dB
23-03-17 15:39:25.515 : 0000032.png - PSNR: 15.33 dB
23-03-17 15:40:25.444 : 0000033.png - PSNR: 15.16 dB
23-03-17 15:41:25.001 : 0000034.png - PSNR: 15.58 dB
23-03-17 15:42:01.725 : 0000035.png - PSNR: 15.37 dB
23-03-17 15:43:00.451 : 0000036.png - PSNR: 15.39 dB
23-03-17 15:43:39.555 : 0000037.png - PSNR: 15.63 dB
23-03-17 15:44:28.731 : 0000038.png - PSNR: 16.16 dB
23-03-17 15:45:27.749 : 0000039.png - PSNR: 15.54 dB
23-03-17 15:46:04.721 : 0000040.png - PSNR: 15.61 dB
23-03-17 15:47:32.250 : 0000041.png - PSNR: 15.31 dB
23-03-17 15:48:54.200 : 0000042.png - PSNR: 15.28 dB
23-03-17 15:49:29.048 : 0000043.png - PSNR: 15.22 dB
23-03-17 15:49:56.889 : 0000044.png - PSNR: 15.55 dB
23-03-17 15:50:43.110 : 0000045.png - PSNR: 15.27 dB
23-03-17 15:51:38.620 : 0000046.png - PSNR: 15.01 dB
23-03-17 15:52:39.713 : 0000047.png - PSNR: 14.65 dB
23-03-17 15:53:15.245 : 0000048.png - PSNR: 16.58 dB
23-03-17 15:54:26.813 : 0000049.png - PSNR: 16.09 dB
23-03-17 15:55:27.950 : 0000050.png - PSNR: 15.18 dB
23-03-17 15:55:48.944 : 0000051.png - PSNR: 14.90 dB
23-03-17 15:57:22.069 : 0000052.png - PSNR: 14.91 dB
23-03-17 15:58:17.842 : 0000053.png - PSNR: 15.29 dB
23-03-17 16:00:01.936 : 0000054.png - PSNR: 16.87 dB
23-03-17 16:01:22.512 : 0000055.png - PSNR: 15.52 dB
23-03-17 20:06:57.412 : 02_D4C
23-03-17 20:07:39.941 : 0000001.png - PSNR: 15.27 dB
23-03-17 20:08:04.070 : 0000002.png - PSNR: 15.38 dB
23-03-17 20:13:35.194 : 0000003.png - PSNR: 15.55 dB
23-03-17 20:14:56.232 : 0000004.png - PSNR: 15.35 dB
23-03-17 20:16:18.548 : 0000005.png - PSNR: 16.11 dB
23-03-17 20:17:40.386 : 0000006.png - PSNR: 15.66 dB
23-03-17 20:20:52.744 : 02_D4C
23-03-17 20:22:56.956 : 0901.png - PSNR: 14.70 dB
23-03-17 21:13:13.139 : 02_D4C
23-03-17 21:13:52.703 : 0000001.png - PSNR: 15.29 dB
23-03-17 21:15:57.978 : 02_D4C
23-03-17 21:16:39.675 : 0000001.png - PSNR: 15.29 dB
23-03-17 21:18:00.426 : 02_D4C
23-03-17 21:18:40.578 : 0000001.png - PSNR: 15.59 dB
23-03-17 21:20:57.539 : 02_D4C
23-03-17 21:21:37.091 : 0000001.png - PSNR: 15.59 dB
23-03-17 21:23:33.641 : 02_D4C
23-03-17 21:25:52.307 : 0901.png - PSNR: 14.70 dB
23-03-18 21:38:44.438 : 02_D4C
23-03-18 21:40:51.894 : 0901.png - PSNR: 14.70 dB
23-03-18 21:41:11.570 : 02_D4C
23-03-18 21:57:38.136 : 02_D4C
23-03-18 21:58:12.756 : 0000001.png - PSNR: 15.60 dB
23-03-18 21:58:32.554 : 0000002.png - PSNR: 15.45 dB
23-03-18 22:01:03.179 : 02_D4C
23-03-18 22:01:39.432 : 0000001.png - PSNR: 15.59 dB
23-03-18 22:02:00.344 : 0000002.png - PSNR: 15.44 dB
23-03-18 22:07:23.019 : 0000003.png - PSNR: 15.58 dB
23-03-18 22:08:43.465 : 0000004.png - PSNR: 15.41 dB
23-03-18 22:10:04.111 : 0000005.png - PSNR: 16.42 dB
23-03-18 22:11:16.844 : 0000006.png - PSNR: 15.73 dB
23-03-18 22:11:54.139 : 0000007.png - PSNR: 16.41 dB
23-03-18 22:12:27.394 : 0000008.png - PSNR: 15.14 dB
23-03-18 22:13:48.350 : 0000009.png - PSNR: 15.25 dB
23-03-18 22:15:21.661 : 0000010.png - PSNR: 15.77 dB
23-03-18 22:16:17.604 : 0000011.png - PSNR: 15.21 dB
23-03-18 22:17:38.761 : 0000012.png - PSNR: 15.57 dB
23-03-18 22:18:48.824 : 0000013.png - PSNR: 14.88 dB
23-03-18 22:19:16.546 : 0000014.png - PSNR: 14.92 dB
23-03-18 22:20:12.237 : 0000015.png - PSNR: 14.87 dB
23-03-18 22:20:46.902 : 0000016.png - PSNR: 15.78 dB
23-03-18 22:22:07.226 : 0000017.png - PSNR: 15.22 dB
23-03-18 22:23:27.686 : 0000018.png - PSNR: 15.35 dB
23-03-18 22:24:12.366 : 0000019.png - PSNR: 15.25 dB
23-03-18 22:25:02.041 : 0000020.png - PSNR: 15.38 dB
23-03-18 22:25:51.701 : 0000021.png - PSNR: 15.41 dB
23-03-18 22:26:41.381 : 0000022.png - PSNR: 15.80 dB
23-03-18 22:27:31.071 : 0000023.png - PSNR: 15.35 dB
23-03-18 22:28:08.337 : 0000024.png - PSNR: 15.43 dB
23-03-18 22:28:58.063 : 0000025.png - PSNR: 15.88 dB
23-03-18 22:29:47.767 : 0000026.png - PSNR: 15.37 dB
23-03-18 22:31:52.096 : 0000027.png - PSNR: 15.35 dB
23-03-18 22:33:04.629 : 0000028.png - PSNR: 15.10 dB
23-03-18 22:33:46.092 : 0000029.png - PSNR: 15.26 dB
23-03-18 22:35:38.489 : 0000030.png - PSNR: 15.71 dB
23-03-18 22:36:09.638 : 0000031.png - PSNR: 15.73 dB
23-03-18 22:36:51.040 : 0000032.png - PSNR: 15.33 dB
23-03-18 22:37:40.740 : 0000033.png - PSNR: 15.16 dB
23-03-18 22:38:30.448 : 0000034.png - PSNR: 15.58 dB
23-03-18 22:39:01.501 : 0000035.png - PSNR: 15.37 dB
23-03-18 22:39:51.190 : 0000036.png - PSNR: 15.39 dB
23-03-18 22:40:24.357 : 0000037.png - PSNR: 15.63 dB
23-03-18 22:41:05.753 : 0000038.png - PSNR: 16.16 dB
23-03-18 22:41:55.494 : 0000039.png - PSNR: 15.54 dB
23-03-18 22:42:26.587 : 0000040.png - PSNR: 15.61 dB
23-03-18 22:43:39.127 : 0000041.png - PSNR: 15.31 dB
23-03-18 22:44:51.570 : 0000042.png - PSNR: 15.28 dB
23-03-18 22:45:22.653 : 0000043.png - PSNR: 15.22 dB
23-03-18 22:45:47.498 : 0000044.png - PSNR: 15.55 dB
23-03-18 22:46:28.893 : 0000045.png - PSNR: 15.27 dB
23-03-18 22:47:18.592 : 0000046.png - PSNR: 15.01 dB
23-03-18 22:48:08.295 : 0000047.png - PSNR: 14.65 dB
23-03-18 22:48:33.148 : 0000048.png - PSNR: 16.58 dB
23-03-18 22:49:22.835 : 0000049.png - PSNR: 16.09 dB
23-03-18 22:50:12.530 : 0000050.png - PSNR: 15.18 dB
23-03-18 22:50:31.204 : 0000051.png - PSNR: 14.91 dB
23-03-18 22:51:53.922 : 0000052.png - PSNR: 14.91 dB
23-03-18 22:52:43.634 : 0000053.png - PSNR: 15.29 dB
23-03-18 22:54:16.807 : 0000054.png - PSNR: 16.87 dB
23-03-18 22:55:29.235 : 0000055.png - PSNR: 15.52 dB
23-03-18 22:56:41.679 : 0000056.png - PSNR: 15.19 dB
23-03-18 22:57:54.110 : 0000057.png - PSNR: 15.48 dB
23-03-18 22:58:43.793 : 0000058.png - PSNR: 15.41 dB
23-03-18 22:59:33.516 : 0000059.png - PSNR: 15.40 dB
23-03-18 23:00:14.936 : 0000060.png - PSNR: 15.14 dB
23-03-18 23:00:56.356 : 0000061.png - PSNR: 15.65 dB
23-03-18 23:02:08.804 : 0000062.png - PSNR: 16.19 dB
23-03-18 23:03:21.299 : 0000063.png - PSNR: 15.80 dB
23-03-18 23:04:02.719 : 0000064.png - PSNR: 15.48 dB
23-03-18 23:04:35.858 : 0000065.png - PSNR: 15.78 dB
23-03-18 23:05:17.266 : 0000066.png - PSNR: 15.91 dB
23-03-18 23:06:15.243 : 0000067.png - PSNR: 15.24 dB
23-03-18 23:08:44.238 : 0000068.png - PSNR: 15.62 dB
23-03-18 23:11:38.289 : 0000069.png - PSNR: 15.38 dB
23-03-18 23:12:09.470 : 0000070.png - PSNR: 15.13 dB
23-03-18 23:13:21.919 : 0000071.png - PSNR: 15.62 dB
23-03-18 23:14:34.380 : 0000072.png - PSNR: 15.07 dB
23-03-18 23:15:24.093 : 0000073.png - PSNR: 15.13 dB
23-03-18 23:16:05.490 : 0000074.png - PSNR: 15.41 dB
23-03-18 23:16:37.119 : 0000075.png - PSNR: 15.56 dB
23-03-18 23:17:20.914 : 0000076.png - PSNR: 14.98 dB
23-03-18 23:18:13.516 : 0000077.png - PSNR: 15.39 dB
23-03-18 23:18:59.410 : 0000078.png - PSNR: 15.53 dB
23-03-18 23:19:54.529 : 0000079.png - PSNR: 15.73 dB
23-03-18 23:20:58.702 : 0000080.png - PSNR: 15.39 dB
23-03-18 23:21:53.752 : 0000081.png - PSNR: 15.75 dB
23-03-18 23:22:14.438 : 0000082.png - PSNR: 15.33 dB
23-03-18 23:22:51.168 : 0000083.png - PSNR: 15.85 dB
23-03-18 23:24:46.112 : 0000084.png - PSNR: 15.06 dB
23-03-18 23:25:58.528 : 0000085.png - PSNR: 15.71 dB
23-03-18 23:27:50.245 : 0000086.png - PSNR: 15.02 dB
23-03-18 23:28:31.682 : 0000087.png - PSNR: 15.30 dB
23-03-18 23:29:04.814 : 0000088.png - PSNR: 16.25 dB
23-03-18 23:29:46.194 : 0000089.png - PSNR: 15.08 dB
23-03-18 23:31:37.985 : 0000090.png - PSNR: 14.95 dB
23-03-18 23:32:11.149 : 0000091.png - PSNR: 15.23 dB
23-03-18 23:32:42.233 : 0000092.png - PSNR: 15.37 dB
23-03-18 23:33:54.677 : 0000093.png - PSNR: 14.99 dB
23-03-18 23:34:44.355 : 0000094.png - PSNR: 15.65 dB
23-03-18 23:35:25.768 : 0000095.png - PSNR: 15.33 dB
23-03-18 23:36:38.205 : 0000096.png - PSNR: 15.27 dB
23-03-18 23:37:09.255 : 0000097.png - PSNR: 16.02 dB
23-03-18 23:38:48.557 : 0000098.png - PSNR: 15.68 dB
23-03-18 23:39:19.685 : 0000099.png - PSNR: 15.21 dB
23-03-18 23:40:32.111 : 0000100.png - PSNR: 15.29 dB
23-03-18 23:42:23.842 : 0901.png - PSNR: 14.72 dB
23-03-18 23:44:15.667 : 0902.png - PSNR: 15.50 dB
23-03-18 23:46:26.113 : 0903.png - PSNR: 15.33 dB
23-03-18 23:48:36.866 : 0904.png - PSNR: 15.52 dB
23-03-18 23:50:28.676 : 0905.png - PSNR: 15.50 dB
23-03-18 23:52:20.531 : 0906.png - PSNR: 15.37 dB
23-03-18 23:54:31.046 : 0907.png - PSNR: 14.81 dB
23-03-18 23:56:22.878 : 0908.png - PSNR: 14.97 dB
23-03-18 23:58:14.741 : 0909.png - PSNR: 14.98 dB
23-03-19 00:00:06.642 : 0910.png - PSNR: 15.00 dB
23-03-19 00:01:58.827 : 0911.png - PSNR: 15.02 dB
23-03-19 00:03:32.767 : 0912.png - PSNR: 14.90 dB
23-03-19 00:05:24.671 : 0913.png - PSNR: 15.85 dB
23-03-19 00:06:57.867 : 0914.png - PSNR: 15.51 dB
23-03-19 00:08:49.688 : 0915.png - PSNR: 15.37 dB
23-03-19 00:10:41.566 : 0916.png - PSNR: 15.31 dB
23-03-19 00:12:33.411 : 0917.png - PSNR: 15.30 dB
23-03-19 00:14:25.195 : 0918.png - PSNR: 15.22 dB
23-03-19 00:16:17.011 : 0919.png - PSNR: 15.69 dB
23-03-19 00:18:08.834 : 0920.png - PSNR: 15.56 dB
23-03-19 00:20:00.618 : 0921.png - PSNR: 15.22 dB
23-03-19 00:21:52.382 : 0922.png - PSNR: 15.02 dB
23-03-19 00:24:21.413 : 0923.png - PSNR: 15.22 dB
23-03-19 00:26:13.190 : 0924.png - PSNR: 15.69 dB
23-03-19 00:28:23.597 : 0925.png - PSNR: 16.10 dB
23-03-19 00:29:38.162 : 0926.png - PSNR: 15.90 dB
23-03-19 00:31:11.318 : 0927.png - PSNR: 15.06 dB
23-03-19 00:33:03.078 : 0928.png - PSNR: 14.89 dB
23-03-19 00:34:54.841 : 0929.png - PSNR: 15.18 dB
23-03-19 00:36:46.650 : 0930.png - PSNR: 15.53 dB
23-03-19 00:38:38.390 : 0931.png - PSNR: 15.44 dB
23-03-19 00:40:30.186 : 0932.png - PSNR: 15.53 dB
23-03-19 00:42:22.011 : 0933.png - PSNR: 16.34 dB
23-03-19 00:44:13.765 : 0934.png - PSNR: 15.31 dB
23-03-19 00:46:05.513 : 0935.png - PSNR: 15.34 dB
23-03-19 00:48:15.905 : 0936.png - PSNR: 15.47 dB
23-03-19 00:50:07.702 : 0937.png - PSNR: 14.60 dB
23-03-19 00:51:59.466 : 0938.png - PSNR: 15.63 dB
23-03-19 00:53:51.227 : 0939.png - PSNR: 15.03 dB
23-03-19 00:55:43.067 : 0940.png - PSNR: 15.13 dB
23-03-19 00:57:53.394 : 0941.png - PSNR: 15.11 dB
23-03-19 00:59:45.209 : 0942.png - PSNR: 15.34 dB
23-03-19 01:01:36.995 : 0943.png - PSNR: 15.56 dB
23-03-19 01:03:28.821 : 0944.png - PSNR: 15.23 dB
23-03-19 01:05:39.183 : 0945.png - PSNR: 15.55 dB
23-03-19 01:07:30.998 : 0946.png - PSNR: 15.18 dB
23-03-19 01:09:04.143 : 0947.png - PSNR: 15.17 dB
23-03-19 01:11:14.385 : 0948.png - PSNR: 15.36 dB
23-03-19 01:13:06.099 : 0949.png - PSNR: 15.38 dB
23-03-19 01:14:57.835 : 0950.png - PSNR: 15.28 dB
23-03-19 01:16:49.619 : 0951.png - PSNR: 15.31 dB
23-03-19 01:18:41.405 : 0952.png - PSNR: 16.02 dB
23-03-19 01:20:33.184 : 0953.png - PSNR: 15.02 dB
23-03-19 01:22:25.007 : 0954.png - PSNR: 15.12 dB
23-03-19 01:24:16.757 : 0955.png - PSNR: 15.49 dB
23-03-19 01:26:08.502 : 0956.png - PSNR: 14.82 dB
23-03-19 01:28:18.832 : 0957.png - PSNR: 15.80 dB
23-03-19 01:30:10.669 : 0958.png - PSNR: 15.63 dB
23-03-19 01:32:02.479 : 0959.png - PSNR: 15.08 dB
23-03-19 01:34:12.834 : 0960.png - PSNR: 14.86 dB
23-03-19 01:36:04.624 : 0961.png - PSNR: 14.75 dB
23-03-19 01:37:56.390 : 0962.png - PSNR: 15.37 dB
23-03-19 01:39:48.152 : 0963.png - PSNR: 15.00 dB
23-03-19 01:41:21.278 : 0964.png - PSNR: 15.16 dB
23-03-19 01:43:13.144 : 0965.png - PSNR: 15.17 dB
23-03-19 01:45:04.902 : 0966.png - PSNR: 15.26 dB
23-03-19 01:46:56.645 : 0967.png - PSNR: 15.36 dB
23-03-19 01:48:48.427 : 0968.png - PSNR: 14.93 dB
23-03-19 01:50:21.604 : 0969.png - PSNR: 14.81 dB
23-03-19 01:52:31.960 : 0970.png - PSNR: 15.15 dB
23-03-19 01:54:23.718 : 0971.png - PSNR: 15.64 dB
23-03-19 01:56:15.531 : 0972.png - PSNR: 15.03 dB
23-03-19 01:58:07.328 : 0973.png - PSNR: 15.37 dB
23-03-19 01:59:40.528 : 0974.png - PSNR: 15.65 dB
23-03-19 02:01:32.296 : 0975.png - PSNR: 15.30 dB
23-03-19 02:03:24.063 : 0976.png - PSNR: 15.44 dB
23-03-19 02:05:15.855 : 0977.png - PSNR: 15.28 dB
23-03-19 02:07:07.631 : 0978.png - PSNR: 15.81 dB
23-03-19 02:08:59.413 : 0979.png - PSNR: 14.98 dB
23-03-19 02:10:51.141 : 0980.png - PSNR: 15.20 dB
23-03-19 02:13:38.783 : 0981.png - PSNR: 15.11 dB
23-03-19 02:15:30.566 : 0982.png - PSNR: 15.09 dB
23-03-19 02:17:22.318 : 0983.png - PSNR: 15.85 dB
23-03-19 02:18:55.448 : 0984.png - PSNR: 15.20 dB
23-03-19 02:20:47.222 : 0985.png - PSNR: 15.62 dB
23-03-19 02:22:57.553 : 0986.png - PSNR: 15.08 dB
23-03-19 02:24:49.278 : 0987.png - PSNR: 14.98 dB
23-03-19 02:26:41.065 : 0988.png - PSNR: 14.88 dB
23-03-19 02:28:32.837 : 0989.png - PSNR: 15.14 dB
23-03-19 02:30:24.591 : 0990.png - PSNR: 15.25 dB
23-03-19 02:32:53.602 : 0991.png - PSNR: 15.68 dB
23-03-19 02:34:45.449 : 0992.png - PSNR: 15.32 dB
23-03-19 02:36:18.613 : 0993.png - PSNR: 15.11 dB
23-03-19 02:38:10.337 : 0994.png - PSNR: 15.61 dB
23-03-19 02:40:02.130 : 0995.png - PSNR: 15.52 dB
23-03-19 02:42:12.519 : 0996.png - PSNR: 14.46 dB
23-03-19 02:43:45.690 : 0997.png - PSNR: 15.21 dB
23-03-19 02:45:37.444 : 0998.png - PSNR: 15.27 dB
23-03-19 02:47:29.252 : 0999.png - PSNR: 14.84 dB
23-03-19 02:49:21.051 : 1000.png - PSNR: 14.98 dB
23-03-19 02:49:21.144 :       Max Memery : 3597.627 [M]
23-03-19 02:49:21.144 : ------> Average runtime of (valid) is : 86314.933398 seconds
23-03-19 02:49:23.181 :     #Activations : 4111.0736 [M]
23-03-19 02:49:23.181 :          #Conv2d : 1055
23-03-19 02:49:25.258 :            FLOPs : 3347.4298 [G]
23-03-19 02:49:25.265 :          #Params : 205.6092 [M]
23-03-19 10:38:36.146 : 02_D4C
23-03-19 10:39:09.429 : 0000001.png - PSNR: 15.60 dB
23-03-19 10:39:28.262 : 0000002.png - PSNR: 15.45 dB
23-03-19 10:44:21.583 : 0000003.png - PSNR: 15.59 dB
23-03-19 10:45:35.742 : 0000004.png - PSNR: 15.43 dB
23-03-19 10:47:17.805 : 02_D4C
23-03-19 10:47:52.703 : 0000001.png - PSNR: 8.11 dB
23-03-19 10:48:12.449 : 0000002.png - PSNR: 10.59 dB
23-03-19 10:53:27.754 : 0000003.png - PSNR: 9.67 dB
23-03-19 10:54:44.715 : 0000004.png - PSNR: 9.10 dB
23-03-19 10:56:01.442 : 0000005.png - PSNR: 10.95 dB
23-03-19 10:58:16.830 : 02_D4C
23-03-19 10:58:50.273 : 0000001.png - PSNR: 15.60 dB
23-03-19 10:59:09.177 : 0000002.png - PSNR: 15.45 dB
23-03-19 11:04:10.709 : 0000003.png - PSNR: 15.59 dB
23-03-19 11:05:27.951 : 0000004.png - PSNR: 15.43 dB
23-03-19 11:06:39.030 : 0000005.png - PSNR: 16.43 dB
23-03-19 11:07:48.475 : 0000006.png - PSNR: 15.74 dB
23-03-19 11:08:24.229 : 0000007.png - PSNR: 16.42 dB
23-03-19 11:08:55.942 : 0000008.png - PSNR: 15.18 dB
23-03-19 11:10:05.336 : 0000009.png - PSNR: 15.26 dB
23-03-19 11:11:24.642 : 0000010.png - PSNR: 15.78 dB
23-03-19 11:12:12.310 : 0000011.png - PSNR: 15.22 dB
23-03-19 11:13:21.801 : 0000012.png - PSNR: 15.58 dB
23-03-19 11:14:21.356 : 0000013.png - PSNR: 14.89 dB
23-03-19 11:14:45.179 : 0000014.png - PSNR: 14.93 dB
23-03-19 11:15:32.780 : 0000015.png - PSNR: 14.88 dB
23-03-19 11:16:02.574 : 0000016.png - PSNR: 15.81 dB
23-03-19 11:17:11.970 : 0000017.png - PSNR: 15.25 dB
23-03-19 11:18:21.421 : 0000018.png - PSNR: 15.36 dB
23-03-19 11:19:01.202 : 0000019.png - PSNR: 15.27 dB
23-03-19 11:19:48.894 : 0000020.png - PSNR: 15.40 dB
23-03-19 11:20:36.589 : 0000021.png - PSNR: 15.43 dB
23-03-19 11:21:24.272 : 0000022.png - PSNR: 15.83 dB
23-03-19 11:22:11.901 : 0000023.png - PSNR: 15.37 dB
23-03-19 11:22:47.656 : 0000024.png - PSNR: 15.45 dB
23-03-19 11:23:35.290 : 0000025.png - PSNR: 15.93 dB
23-03-19 11:24:22.978 : 0000026.png - PSNR: 15.39 dB
23-03-19 11:26:22.113 : 0000027.png - PSNR: 15.37 dB
23-03-19 11:27:31.714 : 0000028.png - PSNR: 15.11 dB
23-03-19 11:28:11.518 : 0000029.png - PSNR: 15.27 dB
23-03-19 11:29:58.804 : 0000030.png - PSNR: 15.73 dB
23-03-19 11:30:28.733 : 0000031.png - PSNR: 15.76 dB
23-03-19 11:31:08.954 : 0000032.png - PSNR: 15.34 dB
23-03-19 11:31:57.629 : 0000033.png - PSNR: 15.17 dB
23-03-19 11:32:45.233 : 0000034.png - PSNR: 15.60 dB
23-03-19 11:33:15.008 : 0000035.png - PSNR: 15.40 dB
23-03-19 11:34:02.657 : 0000036.png - PSNR: 15.41 dB
23-03-19 11:34:34.469 : 0000037.png - PSNR: 15.65 dB
23-03-19 11:35:14.228 : 0000038.png - PSNR: 16.16 dB
23-03-19 11:36:01.905 : 0000039.png - PSNR: 15.55 dB
23-03-19 11:36:31.736 : 0000040.png - PSNR: 15.65 dB
23-03-19 11:37:41.241 : 0000041.png - PSNR: 15.33 dB
23-03-19 11:38:50.764 : 0000042.png - PSNR: 15.29 dB
23-03-19 11:39:20.584 : 0000043.png - PSNR: 15.25 dB
23-03-19 11:39:44.461 : 0000044.png - PSNR: 15.57 dB
23-03-19 11:40:24.227 : 0000045.png - PSNR: 15.29 dB
23-03-19 11:41:11.845 : 0000046.png - PSNR: 15.02 dB
23-03-19 11:41:59.513 : 0000047.png - PSNR: 14.67 dB
23-03-19 11:42:23.393 : 0000048.png - PSNR: 16.60 dB
23-03-19 11:43:11.093 : 0000049.png - PSNR: 16.11 dB
23-03-19 11:43:58.840 : 0000050.png - PSNR: 15.20 dB
23-03-19 11:44:16.784 : 0000051.png - PSNR: 14.91 dB
23-03-19 11:45:36.206 : 0000052.png - PSNR: 14.93 dB
23-03-19 11:46:23.846 : 0000053.png - PSNR: 15.31 dB
23-03-19 11:47:53.504 : 0000054.png - PSNR: 16.89 dB
23-03-19 11:49:03.382 : 0000055.png - PSNR: 15.55 dB
23-03-19 11:50:13.092 : 0000056.png - PSNR: 15.21 dB
23-03-19 11:51:22.771 : 0000057.png - PSNR: 15.50 dB
23-03-19 11:52:10.578 : 0000058.png - PSNR: 15.42 dB
23-03-19 11:52:58.376 : 0000059.png - PSNR: 15.43 dB
23-03-19 11:53:38.195 : 0000060.png - PSNR: 15.17 dB
23-03-19 11:54:18.021 : 0000061.png - PSNR: 15.65 dB
23-03-19 11:55:27.692 : 0000062.png - PSNR: 16.23 dB
23-03-19 11:56:37.371 : 0000063.png - PSNR: 15.81 dB
23-03-19 11:57:17.222 : 0000064.png - PSNR: 15.49 dB
23-03-19 11:57:49.033 : 0000065.png - PSNR: 15.80 dB
23-03-19 11:58:28.773 : 0000066.png - PSNR: 15.94 dB
23-03-19 11:59:24.507 : 0000067.png - PSNR: 15.25 dB
23-03-19 12:01:47.716 : 0000068.png - PSNR: 15.63 dB
23-03-19 12:04:34.721 : 0000069.png - PSNR: 15.41 dB
23-03-19 12:05:04.668 : 0000070.png - PSNR: 15.13 dB
23-03-19 12:06:14.143 : 0000071.png - PSNR: 15.64 dB
23-03-19 12:07:23.933 : 0000072.png - PSNR: 15.07 dB
23-03-19 12:08:12.001 : 0000073.png - PSNR: 15.14 dB
23-03-19 12:08:52.070 : 0000074.png - PSNR: 15.43 dB
23-03-19 12:09:22.064 : 0000075.png - PSNR: 15.59 dB
23-03-19 12:10:01.755 : 0000076.png - PSNR: 14.99 dB
23-03-19 12:10:49.542 : 0000077.png - PSNR: 15.40 dB
23-03-19 12:11:29.393 : 0000078.png - PSNR: 15.55 dB
23-03-19 12:12:17.145 : 0000079.png - PSNR: 15.75 dB
23-03-19 12:13:12.883 : 0000080.png - PSNR: 15.40 dB
23-03-19 12:14:00.681 : 0000081.png - PSNR: 15.79 dB
23-03-19 12:14:18.628 : 0000082.png - PSNR: 15.34 dB
23-03-19 12:14:50.494 : 0000083.png - PSNR: 15.88 dB
23-03-19 12:16:37.833 : 0000084.png - PSNR: 15.08 dB
23-03-19 12:17:47.474 : 0000085.png - PSNR: 15.73 dB
23-03-19 12:19:34.836 : 0000086.png - PSNR: 15.03 dB
23-03-19 12:20:14.693 : 0000087.png - PSNR: 15.32 dB
23-03-19 12:20:46.571 : 0000088.png - PSNR: 16.26 dB
23-03-19 12:21:26.409 : 0000089.png - PSNR: 15.10 dB
23-03-19 12:23:13.737 : 0000090.png - PSNR: 14.96 dB
23-03-19 12:23:45.586 : 0000091.png - PSNR: 15.25 dB
23-03-19 12:24:15.458 : 0000092.png - PSNR: 15.39 dB
23-03-19 12:25:25.065 : 0000093.png - PSNR: 15.02 dB
23-03-19 12:26:12.862 : 0000094.png - PSNR: 15.67 dB
23-03-19 12:26:52.802 : 0000095.png - PSNR: 15.34 dB
23-03-19 12:28:02.600 : 0000096.png - PSNR: 15.29 dB
23-03-19 12:28:32.535 : 0000097.png - PSNR: 16.03 dB
23-03-19 12:30:08.063 : 0000098.png - PSNR: 15.69 dB
23-03-19 12:30:37.899 : 0000099.png - PSNR: 15.26 dB
23-03-19 12:31:47.487 : 0000100.png - PSNR: 15.31 dB
23-03-19 12:33:34.800 : 0901.png - PSNR: 14.73 dB
23-03-19 12:35:23.438 : 0902.png - PSNR: 15.51 dB
23-03-19 12:37:28.744 : 0903.png - PSNR: 15.34 dB
23-03-19 12:39:34.006 : 0904.png - PSNR: 15.53 dB
23-03-19 12:41:22.799 : 0905.png - PSNR: 15.52 dB
23-03-19 12:43:10.088 : 0906.png - PSNR: 15.39 dB
23-03-19 12:45:15.800 : 0907.png - PSNR: 14.82 dB
23-03-19 12:47:03.209 : 0908.png - PSNR: 14.98 dB
23-03-19 12:48:50.756 : 0909.png - PSNR: 14.99 dB
23-03-19 12:50:38.758 : 0910.png - PSNR: 15.01 dB
23-03-19 12:52:26.119 : 0911.png - PSNR: 15.02 dB
23-03-19 12:53:55.852 : 0912.png - PSNR: 14.91 dB
23-03-19 12:55:43.781 : 0913.png - PSNR: 15.87 dB
23-03-19 12:57:13.180 : 0914.png - PSNR: 15.53 dB
23-03-19 12:59:00.470 : 0915.png - PSNR: 15.40 dB
23-03-19 13:00:47.621 : 0916.png - PSNR: 15.33 dB
23-03-19 13:02:34.873 : 0917.png - PSNR: 15.33 dB
23-03-19 13:04:23.741 : 0918.png - PSNR: 15.23 dB
23-03-19 13:06:10.846 : 0919.png - PSNR: 15.72 dB
23-03-19 13:07:58.077 : 0920.png - PSNR: 15.58 dB
23-03-19 13:09:45.630 : 0921.png - PSNR: 15.23 dB
23-03-19 13:11:33.116 : 0922.png - PSNR: 15.03 dB
23-03-19 13:13:56.278 : 0923.png - PSNR: 15.22 dB
23-03-19 13:15:43.730 : 0924.png - PSNR: 15.72 dB
23-03-19 13:17:49.954 : 0925.png - PSNR: 16.13 dB
23-03-19 13:19:01.525 : 0926.png - PSNR: 15.92 dB
23-03-19 13:20:30.869 : 0927.png - PSNR: 15.06 dB
23-03-19 13:22:18.225 : 0928.png - PSNR: 14.90 dB
23-03-19 13:24:05.840 : 0929.png - PSNR: 15.20 dB
23-03-19 13:25:53.279 : 0930.png - PSNR: 15.53 dB
23-03-19 13:27:40.566 : 0931.png - PSNR: 15.45 dB
23-03-19 13:29:28.127 : 0932.png - PSNR: 15.54 dB
23-03-19 13:31:16.139 : 0933.png - PSNR: 16.34 dB
23-03-19 13:33:03.625 : 0934.png - PSNR: 15.32 dB
23-03-19 13:34:50.860 : 0935.png - PSNR: 15.36 dB
23-03-19 13:36:56.028 : 0936.png - PSNR: 15.48 dB
23-03-19 13:38:44.708 : 0937.png - PSNR: 14.60 dB
23-03-19 13:40:31.992 : 0938.png - PSNR: 15.65 dB
23-03-19 13:42:19.167 : 0939.png - PSNR: 15.04 dB
23-03-19 13:44:08.060 : 0940.png - PSNR: 15.14 dB
23-03-19 13:46:13.077 : 0941.png - PSNR: 15.12 dB
23-03-19 13:48:00.634 : 0942.png - PSNR: 15.33 dB
23-03-19 13:49:49.162 : 0943.png - PSNR: 15.58 dB
23-03-19 13:51:36.459 : 0944.png - PSNR: 15.24 dB
23-03-19 13:53:41.630 : 0945.png - PSNR: 15.57 dB
23-03-19 13:55:30.387 : 0946.png - PSNR: 15.18 dB
23-03-19 13:56:59.608 : 0947.png - PSNR: 15.18 dB
23-03-19 13:59:04.693 : 0948.png - PSNR: 15.38 dB
23-03-19 14:00:52.632 : 0949.png - PSNR: 15.39 dB
23-03-19 14:02:39.834 : 0950.png - PSNR: 15.28 dB
23-03-19 14:04:28.795 : 0951.png - PSNR: 15.33 dB
23-03-19 14:06:16.007 : 0952.png - PSNR: 16.02 dB
23-03-19 14:08:03.310 : 0953.png - PSNR: 15.03 dB
23-03-19 14:09:51.504 : 0954.png - PSNR: 15.14 dB
23-03-19 14:11:38.922 : 0955.png - PSNR: 15.50 dB
23-03-19 14:13:26.328 : 0956.png - PSNR: 14.83 dB
23-03-19 14:15:32.151 : 0957.png - PSNR: 15.82 dB
23-03-19 14:17:19.477 : 0958.png - PSNR: 15.66 dB
23-03-19 14:19:08.092 : 0959.png - PSNR: 15.10 dB
23-03-19 14:21:13.738 : 0960.png - PSNR: 14.87 dB
23-03-19 14:23:00.980 : 0961.png - PSNR: 14.75 dB
23-03-19 14:24:49.132 : 0962.png - PSNR: 15.39 dB
23-03-19 14:26:36.639 : 0963.png - PSNR: 15.01 dB
23-03-19 14:28:06.316 : 0964.png - PSNR: 15.17 dB
23-03-19 14:29:55.197 : 0965.png - PSNR: 15.19 dB
23-03-19 14:31:42.486 : 0966.png - PSNR: 15.28 dB
23-03-19 14:33:30.177 : 0967.png - PSNR: 15.36 dB
23-03-19 14:35:17.906 : 0968.png - PSNR: 14.94 dB
23-03-19 14:36:47.441 : 0969.png - PSNR: 14.81 dB
23-03-19 14:38:52.670 : 0970.png - PSNR: 15.15 dB
23-03-19 14:40:40.510 : 0971.png - PSNR: 15.65 dB
23-03-19 14:42:28.503 : 0972.png - PSNR: 15.10 dB
23-03-19 14:44:15.700 : 0973.png - PSNR: 15.40 dB
23-03-19 14:45:47.108 : 0974.png - PSNR: 15.66 dB
23-03-19 14:47:34.325 : 0975.png - PSNR: 15.31 dB
23-03-19 14:49:21.659 : 0976.png - PSNR: 15.45 dB
23-03-19 14:51:10.083 : 0977.png - PSNR: 15.30 dB
23-03-19 14:52:57.463 : 0978.png - PSNR: 15.83 dB
23-03-19 14:54:44.627 : 0979.png - PSNR: 14.99 dB
23-03-19 14:56:31.782 : 0980.png - PSNR: 15.22 dB
23-03-19 14:59:12.616 : 0981.png - PSNR: 15.12 dB
23-03-19 15:00:59.769 : 0982.png - PSNR: 15.10 dB
23-03-19 15:02:46.913 : 0983.png - PSNR: 15.86 dB
23-03-19 15:04:16.267 : 0984.png - PSNR: 15.21 dB
23-03-19 15:06:03.428 : 0985.png - PSNR: 15.64 dB
23-03-19 15:08:08.586 : 0986.png - PSNR: 15.08 dB
23-03-19 15:09:56.095 : 0987.png - PSNR: 15.00 dB
23-03-19 15:11:43.678 : 0988.png - PSNR: 14.89 dB
23-03-19 15:13:31.114 : 0989.png - PSNR: 15.15 dB
23-03-19 15:15:18.502 : 0990.png - PSNR: 15.27 dB
23-03-19 15:17:42.519 : 0991.png - PSNR: 15.70 dB
23-03-19 15:19:29.779 : 0992.png - PSNR: 15.34 dB
23-03-19 15:20:59.207 : 0993.png - PSNR: 15.13 dB
23-03-19 15:22:47.400 : 0994.png - PSNR: 15.66 dB
23-03-19 15:24:35.117 : 0995.png - PSNR: 15.55 dB
23-03-19 15:26:40.557 : 0996.png - PSNR: 14.46 dB
23-03-19 15:28:10.696 : 0997.png - PSNR: 15.24 dB
23-03-19 15:29:57.811 : 0998.png - PSNR: 15.29 dB
23-03-19 15:31:45.029 : 0999.png - PSNR: 14.84 dB
23-03-19 15:33:32.364 : 1000.png - PSNR: 15.00 dB
23-03-19 15:33:32.458 :       Max Memery : 3597.627 [M]
23-03-19 15:33:32.458 : ------> Average runtime of (valid) is : 82407.955322 seconds
23-03-19 15:33:34.164 :     #Activations : 3498.5086 [M]
23-03-19 15:33:34.165 :          #Conv2d : 812
23-03-19 15:33:36.168 :            FLOPs : 2590.0518 [G]
23-03-19 15:33:36.175 :          #Params : 205.6092 [M]
23-03-19 19:26:41.009 : 02_D4C
23-03-19 19:28:43.094 : 0901.png - PSNR: 14.73 dB
23-03-19 19:30:45.464 : 0902.png - PSNR: 15.51 dB
23-03-19 19:33:06.703 : 0903.png - PSNR: 15.34 dB
23-03-19 19:35:24.769 : 0904.png - PSNR: 15.53 dB
23-03-19 19:37:24.240 : 0905.png - PSNR: 15.52 dB
23-03-19 19:39:24.051 : 0906.png - PSNR: 15.39 dB
23-03-19 19:41:43.456 : 0907.png - PSNR: 14.82 dB
23-03-19 19:43:44.138 : 0908.png - PSNR: 14.98 dB
23-03-19 19:45:45.166 : 0909.png - PSNR: 14.99 dB
23-03-19 19:47:45.317 : 0910.png - PSNR: 15.01 dB
23-03-19 19:49:45.181 : 0911.png - PSNR: 15.02 dB
23-03-19 19:51:24.312 : 0912.png - PSNR: 14.91 dB
23-03-19 20:07:38.866 : 02_D4C
23-03-19 20:09:42.030 : 0901.png - PSNR: 14.72 dB
23-03-19 20:11:46.211 : 0902.png - PSNR: 33.80 dB
23-03-19 20:14:10.514 : 0903.png - PSNR: 30.73 dB
23-03-19 20:16:34.729 : 0904.png - PSNR: 34.14 dB
23-03-19 20:18:37.809 : 0905.png - PSNR: 30.18 dB
23-03-19 20:20:41.193 : 0906.png - PSNR: 29.20 dB
23-03-19 20:23:05.599 : 0907.png - PSNR: 31.56 dB
23-03-19 20:25:08.988 : 0908.png - PSNR: 31.59 dB
23-03-19 20:30:58.694 : 02_D4C
23-03-19 20:33:02.834 : 0901.png - PSNR: 33.08 dB
23-03-19 20:35:06.791 : 0902.png - PSNR: 33.81 dB
23-03-19 20:37:31.354 : 0903.png - PSNR: 30.73 dB
23-03-19 20:39:55.564 : 0904.png - PSNR: 34.14 dB
23-03-19 20:41:59.414 : 0905.png - PSNR: 30.19 dB
23-03-19 20:44:02.895 : 0906.png - PSNR: 29.20 dB
23-03-19 20:46:22.122 : 0907.png - PSNR: 31.57 dB
23-03-19 20:48:25.869 : 0908.png - PSNR: 31.60 dB
23-03-19 20:50:29.143 : 0909.png - PSNR: 33.00 dB
23-03-19 20:52:32.944 : 0910.png - PSNR: 29.76 dB
23-03-19 20:53:44.815 : 02_D4C
23-03-19 20:56:13.431 : 0901.png - PSNR: 33.10 dB
23-03-19 20:58:41.321 : 0902.png - PSNR: 33.82 dB
23-03-19 21:01:57.965 : 0903.png - PSNR: 30.74 dB
23-03-19 21:05:14.639 : 0904.png - PSNR: 34.12 dB
23-03-19 21:07:42.356 : 0905.png - PSNR: 30.20 dB
23-03-19 21:10:10.050 : 0906.png - PSNR: 29.21 dB
23-03-19 21:13:26.721 : 0907.png - PSNR: 31.57 dB
23-03-19 21:15:54.534 : 0908.png - PSNR: 31.61 dB
23-03-19 21:18:19.797 : 0909.png - PSNR: 33.01 dB
23-03-19 21:20:46.116 : 0910.png - PSNR: 29.76 dB
23-03-19 21:21:59.518 : 02_D4C
23-03-19 21:24:31.923 : 0901.png - PSNR: 33.10 dB
23-03-19 21:27:00.481 : 0902.png - PSNR: 33.83 dB
23-03-19 21:30:17.354 : 0903.png - PSNR: 30.75 dB
23-03-19 21:33:35.217 : 0904.png - PSNR: 34.13 dB
23-03-19 21:36:04.913 : 0905.png - PSNR: 30.20 dB
23-03-19 21:38:33.104 : 0906.png - PSNR: 29.22 dB
23-03-19 21:40:48.879 : 02_D4C
23-03-19 21:42:47.374 : 0901.png - PSNR: 33.08 dB
23-03-19 21:44:46.138 : 0902.png - PSNR: 33.80 dB
23-03-19 21:46:44.073 : 02_D4C
23-03-19 21:52:40.144 : 0901.png - PSNR: 33.09 dB
23-03-19 21:58:26.223 : 0902.png - PSNR: 33.82 dB
23-03-19 22:04:13.786 : 0903.png - PSNR: 30.74 dB
23-03-19 22:06:09.711 : 02_D4C
23-03-19 22:09:21.006 : 0901.png - PSNR: 33.10 dB
23-03-19 22:12:32.486 : 0902.png - PSNR: 33.83 dB
23-03-19 22:15:44.270 : 0903.png - PSNR: 30.75 dB
23-03-19 22:18:55.570 : 0904.png - PSNR: 34.16 dB
23-03-19 22:22:06.406 : 0905.png - PSNR: 30.20 dB
23-03-19 22:25:17.619 : 0906.png - PSNR: 29.22 dB
23-03-19 22:28:28.810 : 0907.png - PSNR: 31.58 dB
23-03-19 22:30:59.168 : 02_D4C
23-03-19 22:33:13.156 : 0901.png - PSNR: 33.10 dB
23-03-19 22:35:24.945 : 0902.png - PSNR: 33.83 dB
23-03-19 22:38:09.610 : 0903.png - PSNR: 30.75 dB
23-03-19 22:40:53.641 : 0904.png - PSNR: 34.14 dB
23-03-19 22:43:01.379 : 0905.png - PSNR: 30.20 dB
23-03-19 22:45:03.129 : 0906.png - PSNR: 29.21 dB
23-03-19 22:47:33.916 : 0907.png - PSNR: 31.58 dB
23-03-19 22:49:35.609 : 0908.png - PSNR: 31.61 dB
23-03-19 22:51:36.466 : 0909.png - PSNR: 33.01 dB
23-03-19 22:53:37.222 : 0910.png - PSNR: 29.76 dB
23-03-19 22:55:38.778 : 0911.png - PSNR: 34.58 dB
23-03-19 22:57:09.373 : 0912.png - PSNR: 33.38 dB
23-03-19 22:59:10.160 : 0913.png - PSNR: 29.85 dB
23-03-19 23:01:10.717 : 0914.png - PSNR: 27.57 dB
23-03-19 23:03:11.318 : 0915.png - PSNR: 29.77 dB
23-03-19 23:05:12.003 : 0916.png - PSNR: 29.63 dB
23-03-19 23:07:12.549 : 0917.png - PSNR: 29.52 dB
23-03-19 23:09:13.060 : 0918.png - PSNR: 34.93 dB
23-03-19 23:11:13.674 : 0919.png - PSNR: 28.99 dB
23-03-19 23:13:14.274 : 0920.png - PSNR: 30.62 dB
23-03-19 23:15:14.842 : 0921.png - PSNR: 30.54 dB
23-03-19 23:17:15.443 : 0922.png - PSNR: 31.29 dB
23-03-19 23:19:46.163 : 0923.png - PSNR: 30.49 dB
23-03-19 23:21:46.672 : 0924.png - PSNR: 32.82 dB
23-03-19 23:23:47.216 : 0925.png - PSNR: 29.09 dB
23-03-19 23:25:17.599 : 0926.png - PSNR: 30.24 dB
23-03-19 23:26:47.956 : 0927.png - PSNR: 32.07 dB
23-03-19 23:28:48.494 : 0928.png - PSNR: 28.93 dB
23-03-19 23:30:48.991 : 0929.png - PSNR: 31.32 dB
23-03-19 23:32:49.536 : 0930.png - PSNR: 35.74 dB
23-03-19 23:34:50.092 : 0931.png - PSNR: 29.76 dB
23-03-19 23:36:50.617 : 0932.png - PSNR: 31.75 dB
23-03-19 23:38:51.065 : 0933.png - PSNR: 36.55 dB
23-03-19 23:40:51.542 : 0934.png - PSNR: 32.05 dB
23-03-19 23:42:52.052 : 0935.png - PSNR: 27.34 dB
23-03-19 23:45:22.602 : 0936.png - PSNR: 31.08 dB
23-03-19 23:47:23.060 : 0937.png - PSNR: 36.90 dB
23-03-19 23:49:23.541 : 0938.png - PSNR: 31.25 dB
23-03-19 23:51:24.060 : 0939.png - PSNR: 31.62 dB
23-03-19 23:53:24.511 : 0940.png - PSNR: 36.82 dB
23-03-19 23:55:55.133 : 0941.png - PSNR: 28.59 dB
23-03-19 23:57:55.659 : 0942.png - PSNR: 33.85 dB
23-03-19 23:59:56.232 : 0943.png - PSNR: 29.95 dB
23-03-20 00:01:56.675 : 0944.png - PSNR: 31.44 dB
23-03-20 00:04:26.983 : 0945.png - PSNR: 29.45 dB
23-03-20 00:06:27.289 : 0946.png - PSNR: 31.67 dB
23-03-20 00:07:57.591 : 0947.png - PSNR: 29.90 dB
23-03-20 00:10:27.964 : 0948.png - PSNR: 30.63 dB
23-03-20 00:12:28.195 : 0949.png - PSNR: 28.21 dB
23-03-20 00:14:28.428 : 0950.png - PSNR: 35.09 dB
23-03-20 00:16:28.642 : 0951.png - PSNR: 28.12 dB
23-03-20 00:18:28.900 : 0952.png - PSNR: 31.77 dB
23-03-20 00:20:29.060 : 0953.png - PSNR: 32.35 dB
23-03-20 00:22:29.213 : 0954.png - PSNR: 29.42 dB
23-03-20 00:24:29.348 : 0955.png - PSNR: 29.67 dB
23-03-20 00:26:29.527 : 0956.png - PSNR: 31.42 dB
23-03-20 00:28:29.725 : 0957.png - PSNR: 32.37 dB
23-03-20 00:30:29.929 : 0958.png - PSNR: 30.54 dB
23-03-20 00:32:30.272 : 0959.png - PSNR: 28.84 dB
23-03-20 00:35:00.707 : 0960.png - PSNR: 29.77 dB
23-03-20 00:37:01.029 : 0961.png - PSNR: 34.68 dB
23-03-20 00:39:01.264 : 0962.png - PSNR: 30.83 dB
23-03-20 00:41:01.534 : 0963.png - PSNR: 31.85 dB
23-03-20 00:43:01.729 : 0964.png - PSNR: 28.62 dB
23-03-20 00:45:01.990 : 0965.png - PSNR: 28.24 dB
23-03-20 00:47:02.195 : 0966.png - PSNR: 28.29 dB
23-03-20 00:49:02.419 : 0967.png - PSNR: 35.13 dB
23-03-20 00:51:02.727 : 0968.png - PSNR: 28.10 dB
23-03-20 00:52:32.985 : 0969.png - PSNR: 31.13 dB
23-03-20 00:55:03.268 : 0970.png - PSNR: 36.04 dB
23-03-20 00:57:03.578 : 0971.png - PSNR: 30.31 dB
23-03-20 00:59:03.827 : 0972.png - PSNR: 27.28 dB
23-03-20 01:01:04.078 : 0973.png - PSNR: 27.74 dB
23-03-20 01:03:04.255 : 0974.png - PSNR: 31.98 dB
23-03-20 01:05:04.467 : 0975.png - PSNR: 30.36 dB
23-03-20 01:07:04.724 : 0976.png - PSNR: 33.28 dB
23-03-20 01:09:04.994 : 0977.png - PSNR: 28.52 dB
23-03-20 01:11:05.217 : 0978.png - PSNR: 33.13 dB
23-03-20 01:13:05.401 : 0979.png - PSNR: 34.71 dB
23-03-20 01:15:05.660 : 0980.png - PSNR: 28.05 dB
23-03-20 01:18:06.077 : 0981.png - PSNR: 31.75 dB
23-03-20 01:20:06.310 : 0982.png - PSNR: 29.31 dB
23-03-20 01:22:06.610 : 0983.png - PSNR: 33.85 dB
23-03-20 01:24:06.786 : 0984.png - PSNR: 30.08 dB
23-03-20 01:26:06.998 : 0985.png - PSNR: 28.27 dB
23-03-20 01:28:37.265 : 0986.png - PSNR: 32.66 dB
23-03-20 01:30:37.504 : 0987.png - PSNR: 28.38 dB
23-03-20 01:32:37.764 : 0988.png - PSNR: 30.87 dB
23-03-20 01:34:38.045 : 0989.png - PSNR: 35.61 dB
23-03-20 01:36:38.244 : 0990.png - PSNR: 28.17 dB
23-03-20 01:39:08.528 : 0991.png - PSNR: 31.59 dB
23-03-20 01:41:08.837 : 0992.png - PSNR: 27.99 dB
23-03-20 01:42:39.039 : 0993.png - PSNR: 28.56 dB
23-03-20 01:44:39.262 : 0994.png - PSNR: 26.57 dB
23-03-20 01:46:39.678 : 0995.png - PSNR: 28.44 dB
23-03-20 01:48:40.058 : 0996.png - PSNR: 38.41 dB
23-03-20 01:50:40.382 : 0997.png - PSNR: 26.56 dB
23-03-20 01:52:40.747 : 0998.png - PSNR: 31.10 dB
23-03-20 01:54:41.162 : 0999.png - PSNR: 32.02 dB
23-03-20 01:56:41.563 : 1000.png - PSNR: 29.45 dB
23-03-20 01:56:41.654 :       Max Memery : 6615.899 [M]
23-03-20 01:56:41.654 : ------> Average runtime of (valid) is : 123192.067969 seconds
23-03-20 01:56:43.703 :     #Activations : 4111.0736 [M]
23-03-20 01:56:43.703 :          #Conv2d : 1055
23-03-20 01:56:45.789 :            FLOPs : 3347.4298 [G]
23-03-20 01:56:45.796 :          #Params : 205.6092 [M]
23-03-20 10:47:28.802 : 02_D4C
23-03-20 10:50:44.600 : 0901.png - PSNR: 33.82 dB
23-03-20 10:54:04.200 : 0902.png - PSNR: 34.76 dB
23-03-20 10:57:20.788 : 0903.png - PSNR: 31.40 dB
23-03-20 10:58:21.621 : 02_D4C
23-03-20 10:59:12.029 : 0000001.png - PSNR: 15.46 dB
23-03-20 10:59:34.582 : 0000002.png - PSNR: 15.42 dB
23-03-20 11:05:53.485 : 02_D4C
23-03-20 11:06:43.229 : 0000001.png - PSNR: 15.52 dB
23-03-20 11:07:05.176 : 0000002.png - PSNR: 15.42 dB
23-03-20 11:11:54.842 : 02_D4C
23-03-20 11:15:10.064 : 0901.png - PSNR: 33.68 dB
23-03-20 11:18:26.310 : 0902.png - PSNR: 34.55 dB
23-03-20 11:21:44.224 : 0903.png - PSNR: 31.26 dB
23-03-20 13:01:31.581 : 02_D4C
23-03-20 13:02:21.118 : 0000001.png - PSNR: 15.59 dB
23-03-20 13:02:43.773 : 0000002.png - PSNR: 15.44 dB
23-03-20 13:03:32.059 : 02_D4C
23-03-20 13:06:46.814 : 0901.png - PSNR: 33.09 dB
23-03-20 13:10:00.209 : 0902.png - PSNR: 33.82 dB
23-03-20 13:13:11.079 : 0903.png - PSNR: 30.75 dB
23-03-20 15:04:24.033 : 02_D4C
23-03-20 15:07:29.982 : 0901.png - PSNR: 33.11 dB
23-03-20 15:10:37.246 : 0902.png - PSNR: 33.84 dB
23-03-20 15:13:45.486 : 0903.png - PSNR: 30.76 dB
23-03-20 15:16:54.214 : 0904.png - PSNR: 34.15 dB
23-03-20 15:20:04.922 : 0905.png - PSNR: 30.23 dB
23-03-20 15:23:11.648 : 0906.png - PSNR: 29.22 dB
23-03-20 16:28:45.837 : 02_D4C
23-03-20 16:29:33.116 : 0000001.png - PSNR: 15.57 dB
23-03-20 16:29:55.096 : 0000002.png - PSNR: 15.44 dB
23-03-20 16:36:13.956 : 0000003.png - PSNR: 15.57 dB
23-03-20 16:37:32.179 : 0000004.png - PSNR: 15.40 dB
23-03-20 16:38:51.442 : 0000005.png - PSNR: 16.41 dB
23-03-20 16:40:11.643 : 0000006.png - PSNR: 15.72 dB
23-03-20 16:40:53.528 : 0000007.png - PSNR: 16.41 dB
23-03-20 16:41:40.335 : 0000008.png - PSNR: 15.13 dB
23-03-20 16:42:58.347 : 0000009.png - PSNR: 15.25 dB
23-03-20 16:44:43.182 : 0000010.png - PSNR: 15.77 dB
23-03-20 16:45:45.800 : 0000011.png - PSNR: 15.21 dB
23-03-20 16:47:03.815 : 0000012.png - PSNR: 15.56 dB
23-03-20 16:48:06.274 : 0000013.png - PSNR: 14.88 dB
23-03-20 16:48:37.505 : 0000014.png - PSNR: 14.91 dB
23-03-20 16:49:40.414 : 0000015.png - PSNR: 14.86 dB
23-03-20 16:50:12.787 : 0000016.png - PSNR: 15.77 dB
23-03-20 17:10:09.507 : 02_D4C
23-03-20 17:13:16.627 : 0901.png - PSNR: 33.12 dB
23-03-20 17:16:26.397 : 0902.png - PSNR: 33.85 dB
23-03-20 18:18:22.277 : 02_D4C
23-03-20 18:22:04.562 : 0901.png - PSNR: 33.12 dB
23-03-20 18:25:11.238 : 0902.png - PSNR: 33.84 dB
23-03-20 18:28:22.356 : 0903.png - PSNR: 30.76 dB
23-03-20 18:45:14.375 : 02_D4C
23-03-20 18:48:07.681 : 02_D4C
23-03-20 18:51:18.465 : 0901.png - PSNR: 33.26 dB
23-03-20 18:54:22.360 : 0902.png - PSNR: 34.04 dB
23-03-20 18:57:22.963 : 0903.png - PSNR: 30.87 dB
23-03-20 19:00:21.225 : 0904.png - PSNR: 34.38 dB
23-03-20 19:03:23.307 : 02_D4C
23-03-20 19:04:10.840 : 0000001.png - PSNR: 15.52 dB
23-03-20 19:04:32.429 : 0000002.png - PSNR: 15.42 dB
23-03-20 19:17:03.014 : 0000003.png - PSNR: 15.55 dB
23-03-20 19:18:23.533 : 0000004.png - PSNR: 15.39 dB
23-03-20 19:19:42.659 : 0000005.png - PSNR: 16.40 dB
23-03-20 19:21:04.069 : 0000006.png - PSNR: 15.70 dB
23-03-20 19:21:47.082 : 0000007.png - PSNR: 16.41 dB
23-03-20 19:22:34.427 : 0000008.png - PSNR: 15.10 dB
23-03-20 19:23:53.655 : 0000009.png - PSNR: 15.22 dB
23-03-20 19:25:40.374 : 0000010.png - PSNR: 15.75 dB
23-03-20 19:26:46.638 : 0000011.png - PSNR: 15.19 dB
23-03-20 19:28:08.875 : 0000012.png - PSNR: 15.55 dB
23-03-20 19:29:13.654 : 0000013.png - PSNR: 14.86 dB
23-03-20 19:29:45.452 : 0000014.png - PSNR: 14.89 dB
23-03-20 19:30:48.791 : 0000015.png - PSNR: 14.84 dB
23-03-20 19:31:20.448 : 0000016.png - PSNR: 15.74 dB
23-03-20 19:32:40.155 : 0000017.png - PSNR: 15.21 dB
23-03-20 19:33:58.907 : 0000018.png - PSNR: 15.33 dB
23-03-20 19:34:47.623 : 0000019.png - PSNR: 15.22 dB
23-03-20 19:35:50.073 : 0000020.png - PSNR: 15.36 dB
23-03-20 19:36:54.758 : 0000021.png - PSNR: 15.37 dB
23-03-20 19:37:57.364 : 0000022.png - PSNR: 15.77 dB
23-03-20 19:39:01.418 : 0000023.png - PSNR: 15.32 dB
23-03-20 19:39:44.296 : 0000024.png - PSNR: 15.41 dB
23-03-20 19:40:48.723 : 0000025.png - PSNR: 15.87 dB
23-03-20 19:41:59.961 : 0000026.png - PSNR: 15.36 dB
23-03-20 19:45:34.774 : 0000027.png - PSNR: 15.33 dB
23-03-20 19:46:54.917 : 0000028.png - PSNR: 15.06 dB
23-03-20 19:47:43.163 : 0000029.png - PSNR: 15.22 dB
23-03-20 19:50:23.328 : 0000030.png - PSNR: 15.66 dB
23-03-20 19:51:06.341 : 0000031.png - PSNR: 15.72 dB
23-03-20 19:51:54.530 : 0000032.png - PSNR: 15.28 dB
23-03-20 19:53:14.372 : 0000033.png - PSNR: 15.13 dB
23-03-20 19:54:18.062 : 0000034.png - PSNR: 15.55 dB
23-03-20 19:54:49.289 : 0000035.png - PSNR: 15.35 dB
23-03-20 19:55:52.813 : 0000036.png - PSNR: 15.37 dB
23-03-20 19:56:41.453 : 0000037.png - PSNR: 15.61 dB
23-03-20 19:57:46.640 : 0000038.png - PSNR: 16.14 dB
23-03-20 19:58:52.629 : 0000039.png - PSNR: 15.51 dB
23-03-20 19:59:25.593 : 0000040.png - PSNR: 15.57 dB
23-03-20 20:00:47.322 : 0000041.png - PSNR: 15.28 dB
23-03-20 20:02:07.551 : 0000042.png - PSNR: 15.26 dB
23-03-20 20:02:39.770 : 0000043.png - PSNR: 15.20 dB
23-03-20 20:03:11.829 : 0000044.png - PSNR: 15.52 dB
23-03-20 20:04:01.655 : 0000045.png - PSNR: 15.23 dB
23-03-20 20:05:06.184 : 0000046.png - PSNR: 14.98 dB
23-03-20 20:06:08.769 : 0000047.png - PSNR: 14.61 dB
23-03-20 20:06:40.929 : 0000048.png - PSNR: 16.57 dB
23-03-20 20:07:45.386 : 0000049.png - PSNR: 16.07 dB
23-03-20 20:09:07.982 : 0000050.png - PSNR: 15.16 dB
23-03-20 20:09:30.313 : 0000051.png - PSNR: 14.89 dB
23-03-20 20:10:52.017 : 0000052.png - PSNR: 14.90 dB
23-03-20 20:11:56.754 : 0000053.png - PSNR: 15.26 dB
23-03-20 20:13:35.558 : 0000054.png - PSNR: 16.86 dB
23-03-20 20:14:59.513 : 0000055.png - PSNR: 15.49 dB
23-03-20 20:16:20.527 : 0000056.png - PSNR: 15.18 dB
23-03-20 20:17:40.025 : 0000057.png - PSNR: 15.47 dB
23-03-20 20:18:43.627 : 0000058.png - PSNR: 15.38 dB
23-03-20 20:19:46.449 : 0000059.png - PSNR: 15.38 dB
23-03-20 20:20:49.247 : 0000060.png - PSNR: 15.12 dB
23-03-20 20:21:37.559 : 0000061.png - PSNR: 15.62 dB
23-03-20 20:22:57.446 : 0000062.png - PSNR: 16.15 dB
23-03-20 20:24:17.958 : 0000063.png - PSNR: 15.78 dB
